[OBS object] step=0 pos=[0.10000002 0.10000002 0.047057  ] Lvec=[0.05694532 0.02911603 0.16003367] Rvec=[1. 0. 0.] object_real_pos_w=[ 1.35     -1.15      0.047057]
[OBS_STATS] step=0 right_cmd_dist_avg=0.1732 min=0.1732 max=0.1732
[OBS object2] step=0 pos=[ 0.10000002 -0.10000002  0.047057  ] Lvec=[-1.  0.  0.] Rvec=[ 0.19549823 -0.01682591  0.17889114] object2_real_pos_w=[ 1.35     -1.35      0.047057] right_tcp_pos=[ 1.1545018  -1.3331741  -0.13183413] right_cmd_pos=[ 1.25 -1.25 -0.25] right_cmd_dist=0.1732 right_cmd_root_dist=0.0000 right_tcp_root_dist=0.1732
[RESET_SYM] tcp_L=[0.26711905 0.16938448 0.44204968] tcp_R=[ 0.28942895 -0.17883015  0.4684248 ] obj_L=[0.4000001  0.20000005 0.3       ] obj_R=[ 0.4000001  -0.20000005  0.3       ] tcp_d(x,y,z)=(-0.0223,-0.0094,-0.0264) obj_d(x,y,z)=(0.0000,0.0000,0.0000)
[RESET_JOINTS] left=[-0.53269863 -0.8784743   1.144858    0.75377876  0.16111371 -0.9762672
 -1.6530035 ] right=[ 0.53269863  0.8784743  -1.144858    0.75377876  0.16111371 -0.9762672
  1.6530035 ] mirror_signs=[-1.0, -1.0, -1.0, 1.0, 1.0, 1.0, -1.0]
[OBS object] step=100 pos=[ 0.40018392  0.19997501 -0.00299787] Lvec=[ 0.08417392  0.20296383 -0.21503758] Rvec=[1. 0. 0.] object_real_pos_w=[ 1.6501839  -1.050025   -0.00299787]
[OBS object2] step=100 pos=[ 0.40003073 -0.20000648 -0.00299856] Lvec=[-1.  0.  0.] Rvec=[ 0.14907384 -0.14154136 -0.10719332] object2_real_pos_w=[ 1.6500307  -1.4500065  -0.00299856] right_tcp_pos=[ 1.5009569  -1.3084651   0.10419476] right_cmd_pos=[ 1.6745211  -1.5541166   0.22546104] right_cmd_dist=0.3243 right_cmd_root_dist=0.7062 right_tcp_root_dist=0.4380
[OBS object] step=200 pos=[ 0.40018404  0.1999749  -0.00299789] Lvec=[ 0.08767974  0.21173859 -0.2355267 ] Rvec=[1. 0. 0.] object_real_pos_w=[ 1.650184   -1.0500251  -0.00299789]
[OBS object2] step=200 pos=[ 0.40003097 -0.2000066  -0.00299866] Lvec=[-1.  0.  0.] Rvec=[ 0.13089573 -0.07994008 -0.08064777] object2_real_pos_w=[ 1.650031   -1.4500066  -0.00299866] right_tcp_pos=[ 1.5191352 -1.3700665  0.0776491] right_cmd_pos=[ 1.6155506  -1.5904654   0.13074094] right_cmd_dist=0.2464 right_cmd_root_dist=0.6281 right_tcp_root_dist=0.4407
[OBS object] step=0 pos=[0.10000038 0.10000038 0.047057  ] Lvec=[0.13024712 0.15293121 0.0903341 ] Rvec=[1. 0. 0.] object_real_pos_w=[ 18.85     -18.65       0.047057]
[OBS_STATS] step=0 right_cmd_dist_avg=0.2143 min=0.2143 max=0.2143
[OBS object2] step=0 pos=[ 0.10000038 -0.10000038  0.047057  ] Lvec=[-1.  0.  0.] Rvec=[ 0.22015381 -0.0249424   0.13627051] object2_real_pos_w=[ 18.85     -18.85       0.047057] right_tcp_pos=[ 18.629847   -18.825058    -0.08921351] right_cmd_pos=[ 18.75 -18.75  -0.25] right_cmd_dist=0.2143 right_cmd_root_dist=0.0000 right_tcp_root_dist=0.2143
[RESET_SYM] tcp_L=[0.26711845 0.16938591 0.44205236] tcp_R=[ 0.2894268 -0.1788311  0.4684263] obj_L=[0.39999962 0.20000076 0.3       ] obj_R=[ 0.39999962 -0.20000076  0.3       ] tcp_d(x,y,z)=(-0.0223,-0.0094,-0.0264) obj_d(x,y,z)=(0.0000,0.0000,0.0000)
[RESET_JOINTS] left=[-0.5327021  -0.87847805  1.1448566   0.7537824   0.16111715 -0.97629523
 -1.6530112 ] right=[ 0.5327021   0.87847805 -1.1448566   0.7537824   0.16111715 -0.97629523
  1.6530112 ] mirror_signs=[-1.0, -1.0, -1.0, 1.0, 1.0, 1.0, -1.0]
[OBS object] step=100 pos=[ 0.39997673  0.20000267 -0.00300411] Lvec=[ 0.07004547  0.19871902 -0.2643977 ] Rvec=[1. 0. 0.] object_real_pos_w=[ 19.149977   -18.549997    -0.00300411]
[OBS object2] step=100 pos=[ 0.39998055 -0.19998932 -0.00299865] Lvec=[-1.  0.  0.] Rvec=[ 0.15324593 -0.10347176 -0.07917953] object2_real_pos_w=[ 19.14998    -18.94999     -0.00299865] right_tcp_pos=[ 18.996735   -18.846518     0.07618088] right_cmd_pos=[ 19.132843   -19.00606      0.21889564] right_cmd_dist=0.2537 right_cmd_root_dist=0.6573 right_tcp_root_dist=0.4202
[OBS object] step=200 pos=[ 0.39997864  0.20000076 -0.00300431] Lvec=[ 0.07528114  0.19497299 -0.23687313] Rvec=[1. 0. 0.] object_real_pos_w=[ 19.149979   -18.55        -0.00300431]
[OBS object2] step=200 pos=[ 0.39998055 -0.19998741 -0.0029988 ] Lvec=[-1.  0.  0.] Rvec=[ 0.13652611 -0.09342194 -0.08395416] object2_real_pos_w=[ 19.14998   -18.949987   -0.0029988] right_tcp_pos=[ 19.013454   -18.856565     0.08095535] right_cmd_pos=[ 19.148458   -19.061636     0.16420114] right_cmd_dist=0.2592 right_cmd_root_dist=0.6538 right_tcp_root_dist=0.4362
[OBS object] step=300 pos=[ 0.39998817  0.19998169 -0.00300558] Lvec=[ 0.08167839  0.20251846 -0.2351714 ] Rvec=[1. 0. 0.] object_real_pos_w=[ 19.149988   -18.550018    -0.00300558]
[OBS object2] step=300 pos=[ 0.40001106 -0.20002556 -0.00299694] Lvec=[-1.  0.  0.] Rvec=[ 0.13634682 -0.07726097 -0.08785856] object2_real_pos_w=[ 19.150011   -18.950026    -0.00299694] right_tcp_pos=[ 19.013664   -18.872765     0.08486161] right_cmd_pos=[ 19.16343    -19.005432     0.22308886] right_cmd_dist=0.2432 right_cmd_root_dist=0.6782 right_tcp_root_dist=0.4435
[OBS object] step=400 pos=[ 0.39999008  0.1999836  -0.00300587] Lvec=[ 0.07495689  0.21219444 -0.25806966] Rvec=[1. 0. 0.] object_real_pos_w=[ 19.14999    -18.550016    -0.00300587]
[OBS object2] step=400 pos=[ 0.40001106 -0.20002937 -0.00299669] Lvec=[-1.  0.  0.] Rvec=[ 0.11844254 -0.04730988 -0.08460034] object2_real_pos_w=[ 19.150011   -18.95003     -0.00299669] right_tcp_pos=[ 19.031569   -18.90272      0.08160365] right_cmd_pos=[ 19.174694 -19.051844   0.192159] right_cmd_dist=0.2344 right_cmd_root_dist=0.6834 right_tcp_root_dist=0.4610
[OBS object] step=500 pos=[ 0.39998817  0.19997787 -0.00300618] Lvec=[ 0.07029343  0.20870972 -0.26218402] Rvec=[1. 0. 0.] object_real_pos_w=[ 19.149988   -18.550022    -0.00300618]
[OBS object2] step=500 pos=[ 0.40001106 -0.20002747 -0.00299687] Lvec=[-1.  0.  0.] Rvec=[ 0.1055584  -0.03321648 -0.08812298] object2_real_pos_w=[ 19.150011   -18.950027    -0.00299687] right_tcp_pos=[ 19.044453   -18.916811     0.08512612] right_cmd_pos=[ 19.148834   -19.094524     0.09957302] right_cmd_dist=0.2066 right_cmd_root_dist=0.6324 right_tcp_root_dist=0.4763
[OBS object] step=600 pos=[ 0.40002632  0.19999123 -0.00300629] Lvec=[ 0.07586479  0.20388603 -0.23639478] Rvec=[1. 0. 0.] object_real_pos_w=[ 19.150026   -18.550009    -0.00300629]
[OBS object2] step=600 pos=[ 0.40003204 -0.20000839 -0.00300043] Lvec=[-1.  0.  0.] Rvec=[ 0.11409378 -0.02846336 -0.08144981] object2_real_pos_w=[ 19.150032   -18.950008    -0.00300043] right_tcp_pos=[ 19.035938   -18.921545     0.07844938] right_cmd_pos=[ 19.183922   -19.036842     0.24134505] right_cmd_dist=0.2485 right_cmd_root_dist=0.7155 right_tcp_root_dist=0.4680
[OBS object] step=700 pos=[ 0.3999939   0.19997406 -0.00300463] Lvec=[ 0.08032036  0.21518898 -0.23799767] Rvec=[1. 0. 0.] object_real_pos_w=[ 19.149994   -18.550026    -0.00300463]
[OBS object2] step=700 pos=[ 0.40003014 -0.20000839 -0.00299862] Lvec=[-1.  0.  0.] Rvec=[ 0.09270477 -0.02461052 -0.07742439] object2_real_pos_w=[ 19.15003    -18.950008    -0.00299862] right_tcp_pos=[ 19.057325   -18.925398     0.07442577] right_cmd_pos=[ 19.11757    -19.0268       0.18538618] right_cmd_dist=0.1619 right_cmd_root_dist=0.6335 right_tcp_root_dist=0.4801
[OBS object] step=800 pos=[ 0.40000916  0.19999695 -0.0030072 ] Lvec=[ 0.08344841  0.20900536 -0.24126795] Rvec=[1. 0. 0.] object_real_pos_w=[ 19.15001   -18.550003   -0.0030072]
[OBS object2] step=800 pos=[ 0.40000534 -0.20002937 -0.00299943] Lvec=[-1.  0.  0.] Rvec=[ 0.11614418 -0.02338982 -0.08500859] object2_real_pos_w=[ 19.150005   -18.95003     -0.00299943] right_tcp_pos=[ 19.033861   -18.92664      0.08200916] right_cmd_pos=[ 19.17532    -19.085575     0.17680287] right_cmd_dist=0.2329 right_cmd_root_dist=0.6897 right_tcp_root_dist=0.4712
[OBS object] step=900 pos=[ 0.40000916  0.19999695 -0.00300716] Lvec=[ 0.08154297  0.2289753  -0.24398969] Rvec=[1. 0. 0.] object_real_pos_w=[ 19.15001    -18.550003    -0.00300716]
[OBS object2] step=900 pos=[ 0.40000725 -0.20002937 -0.00299866] Lvec=[-1.  0.  0.] Rvec=[ 0.08208466 -0.00645638 -0.09305307] object2_real_pos_w=[ 19.150007   -18.95003     -0.00299866] right_tcp_pos=[ 19.067923  -18.943573    0.0900544] right_cmd_pos=[ 19.159742   -19.005352     0.11499614] right_cmd_dist=0.1134 right_cmd_root_dist=0.6052 right_tcp_root_dist=0.5042
[OBS object] step=1000 pos=[ 0.40000916  0.19999695 -0.00300713] Lvec=[ 0.09368896  0.21960449 -0.23939689] Rvec=[1. 0. 0.] object_real_pos_w=[ 19.15001    -18.550003    -0.00300713]
[OBS_STATS] step=1000 right_cmd_dist_avg=0.2172 min=0.1134 max=0.2592
[OBS object2] step=1000 pos=[ 0.4000187  -0.200037   -0.00299932] Lvec=[-1.  0.  0.] Rvec=[ 0.08114815  0.01430511 -0.07533687] object2_real_pos_w=[ 19.150019   -18.950037    -0.00299932] right_tcp_pos=[ 19.06887    -18.964342     0.07233755] right_cmd_pos=[ 19.197989   -19.095024     0.19071698] right_cmd_dist=0.2185 right_cmd_root_dist=0.7169 right_tcp_root_dist=0.5015
[OBS object] step=1100 pos=[ 0.39999008  0.20005035 -0.0029968 ] Lvec=[ 0.08797646  0.19488525 -0.22167107] Rvec=[1. 0. 0.] object_real_pos_w=[ 19.14999   -18.54995    -0.0029968]
[OBS object2] step=1100 pos=[ 0.40000725 -0.19997215 -0.0030001 ] Lvec=[-1.  0.  0.] Rvec=[ 0.08938217 -0.00320053 -0.06794923] object2_real_pos_w=[ 19.150007  -18.949972   -0.0030001] right_tcp_pos=[ 19.060625   -18.946772     0.06494913] right_cmd_pos=[ 19.139116   -19.08884      0.23223197] right_cmd_dist=0.2331 right_cmd_root_dist=0.7062 right_tcp_root_dist=0.4841
[OBS object] step=1200 pos=[ 0.39998627  0.20005226 -0.00299972] Lvec=[ 0.07009506  0.19693947 -0.2514758 ] Rvec=[1. 0. 0.] object_real_pos_w=[ 19.149986   -18.549948    -0.00299972]
[OBS object2] step=1200 pos=[ 0.40000725 -0.19997215 -0.00299999] Lvec=[-1.  0.  0.] Rvec=[ 0.07746124  0.03869629 -0.06563012] object2_real_pos_w=[ 19.150007   -18.949972    -0.00299999] right_tcp_pos=[ 19.072546   -18.988668     0.06263012] right_cmd_pos=[ 19.157738   -19.051119     0.13535395] right_cmd_dist=0.1282 right_cmd_root_dist=0.6367 right_tcp_root_dist=0.5087
[OBS object] step=1300 pos=[ 0.40002632  0.19999504 -0.00300254] Lvec=[ 0.09540176  0.19717407 -0.20187375] Rvec=[1. 0. 0.] object_real_pos_w=[ 19.150026   -18.550005    -0.00300254]
[OBS object2] step=1300 pos=[ 0.40003204 -0.19998932 -0.00299998] Lvec=[-1.  0.  0.] Rvec=[ 0.06128311 -0.01935959 -0.0854992 ] object2_real_pos_w=[ 19.150032   -18.94999     -0.00299998] right_tcp_pos=[ 19.088749   -18.93063      0.08249922] right_cmd_pos=[ 19.16578  -19.027544   0.156232] right_cmd_dist=0.1441 right_cmd_root_dist=0.6441 right_tcp_root_dist=0.5079
[OBS object] step=1400 pos=[ 0.39998245  0.19996452 -0.00300394] Lvec=[ 0.09743118  0.19368553 -0.1961549 ] Rvec=[1. 0. 0.] object_real_pos_w=[ 19.149982   -18.550035    -0.00300394]
[OBS object2] step=1400 pos=[ 0.4000454  -0.19997978 -0.00299998] Lvec=[-1.  0.  0.] Rvec=[ 0.05791283 -0.00018501 -0.07617304] object2_real_pos_w=[ 19.150045   -18.94998     -0.00299998] right_tcp_pos=[ 19.092133   -18.949795     0.07317305] right_cmd_pos=[ 19.196465   -19.007208     0.15640983] right_cmd_dist=0.1453 right_cmd_root_dist=0.6562 right_tcp_root_dist=0.5113
[OBS object] step=1500 pos=[ 0.39993858  0.19993782 -0.0030022 ] Lvec=[ 0.09044266  0.2061634  -0.22195348] Rvec=[1. 0. 0.] object_real_pos_w=[ 19.149939  -18.550062   -0.0030022]
[OBS object2] step=1500 pos=[ 0.4003334  -0.2003479  -0.00300039] Lvec=[-1.  0.  0.] Rvec=[ 0.05117226 -0.0007534  -0.07142293] object2_real_pos_w=[ 19.150333   -18.950348    -0.00300039] right_tcp_pos=[ 19.099161   -18.949594     0.06842254] right_cmd_pos=[ 19.115574   -19.022104     0.15673932] right_cmd_dist=0.1154 right_cmd_root_dist=0.6108 right_tcp_root_dist=0.5130
[OBS object] step=1600 pos=[ 0.39999008  0.20003319 -0.00300635] Lvec=[ 0.11201859  0.21561813 -0.191268  ] Rvec=[1. 0. 0.] object_real_pos_w=[ 19.14999    -18.549967    -0.00300635]
[OBS object2] step=1600 pos=[ 0.3999939  -0.19792747 -0.00299925] Lvec=[-1.  0.  0.] Rvec=[ 0.05252838 -0.00670815 -0.059464  ] object2_real_pos_w=[ 19.149994   -18.947927    -0.00299925] right_tcp_pos=[ 19.097466   -18.94122      0.05646475] right_cmd_pos=[ 19.149939  -19.036507    0.2102496] right_cmd_dist=0.1884 right_cmd_root_dist=0.6737 right_tcp_root_dist=0.5012
[OBS object] step=1700 pos=[ 0.39999008  0.2000351  -0.00300655] Lvec=[ 0.105093    0.21465683 -0.232669  ] Rvec=[1. 0. 0.] object_real_pos_w=[ 19.14999    -18.549965    -0.00300655]
[OBS object2] step=1700 pos=[ 0.40381813 -0.18948364 -0.00065105] Lvec=[-1.  0.  0.] Rvec=[ 0.04623604  0.00824356 -0.06126497] object2_real_pos_w=[ 19.153818   -18.939484    -0.00065105] right_tcp_pos=[ 19.107582   -18.947727     0.06061392] right_cmd_pos=[ 19.139793   -19.069962     0.14168718] right_cmd_dist=0.1502 right_cmd_root_dist=0.6385 right_tcp_root_dist=0.5133
[OBS object] step=1800 pos=[ 0.40001678  0.19999886 -0.00300385] Lvec=[ 0.10679054  0.2002697  -0.19384478] Rvec=[1. 0. 0.] object_real_pos_w=[ 19.150017   -18.550001    -0.00300385]
[OBS object2] step=1800 pos=[ 0.40170288 -0.19732285 -0.00299775] Lvec=[-1.  0.  0.] Rvec=[ 0.05523682  0.00639343 -0.05261563] object2_real_pos_w=[ 19.151703   -18.947323    -0.00299775] right_tcp_pos=[ 19.096466   -18.953716     0.04961788] right_cmd_pos=[ 19.104954   -19.071358     0.24093792] right_cmd_dist=0.2248 right_cmd_root_dist=0.6858 right_tcp_root_dist=0.5013
[OBS object] step=1900 pos=[ 0.40001678  0.19999695 -0.00300374] Lvec=[ 0.12611008  0.22611618 -0.19943483] Rvec=[1. 0. 0.] object_real_pos_w=[ 19.150017   -18.550003    -0.00300374]
[OBS object2] step=1900 pos=[ 0.40657616 -0.19293213 -0.00299897] Lvec=[-1.  0.  0.] Rvec=[ 0.03222466  0.03622437 -0.06429404] object2_real_pos_w=[ 19.156576   -18.942932    -0.00299897] right_tcp_pos=[ 19.124352   -18.979156     0.06129507] right_cmd_pos=[ 19.186066  -19.079151    0.1145426] right_cmd_dist=0.1290 right_cmd_root_dist=0.6568 right_tcp_root_dist=0.5381
[OBS object] step=2000 pos=[ 0.40001678  0.19999695 -0.00300378] Lvec=[ 0.08797646  0.22196388 -0.2315135 ] Rvec=[1. 0. 0.] object_real_pos_w=[ 19.150017   -18.550003    -0.00300378]
[OBS_STATS] step=2000 right_cmd_dist_avg=0.1627 min=0.1154 max=0.2331
[OBS object2] step=2000 pos=[ 0.40922165 -0.18250656 -0.0030004 ] Lvec=[-1.  0.  0.] Rvec=[ 0.05214882  0.0066185  -0.05114485] object2_real_pos_w=[ 19.159222  -18.932507   -0.0030004] right_tcp_pos=[ 19.107073   -18.939125     0.04814444] right_cmd_pos=[ 19.191832   -19.023626     0.16611242] right_cmd_dist=0.1681 right_cmd_root_dist=0.6658 right_tcp_root_dist=0.5022
[OBS object] step=2100 pos=[ 0.40002632  0.1999836  -0.00300196] Lvec=[ 0.09885216  0.19426537 -0.1819306 ] Rvec=[1. 0. 0.] object_real_pos_w=[ 19.150026   -18.550016    -0.00300196]
[OBS object2] step=2100 pos=[ 0.39987183 -0.2140274   0.00600856] Lvec=[-1.  0.  0.] Rvec=[ 0.03579712 -0.01206017 -0.04917768] object2_real_pos_w=[ 19.149872   -18.964027     0.00600856] right_tcp_pos=[ 19.114075   -18.951967     0.05518625] right_cmd_pos=[ 19.132677   -19.003244     0.15425462] right_cmd_dist=0.1131 right_cmd_root_dist=0.6116 right_tcp_root_dist=0.5162
[OBS object] step=2200 pos=[ 0.40002632  0.1999836  -0.00300214] Lvec=[ 0.09475517  0.20978737 -0.19885421] Rvec=[1. 0. 0.] object_real_pos_w=[ 19.150026   -18.550016    -0.00300214]
[OBS object2] step=2200 pos=[ 0.3935833  -0.2215023  -0.00162282] Lvec=[-1.  0.  0.] Rvec=[ 0.02718735 -0.03643417 -0.05991498] object2_real_pos_w=[ 19.143583   -18.971502    -0.00162282] right_tcp_pos=[ 19.116396   -18.935068     0.05829216] right_cmd_pos=[ 19.11977  -19.0256     0.126077] right_cmd_dist=0.1131 right_cmd_root_dist=0.5951 right_tcp_root_dist=0.5134
[OBS object] step=2300 pos=[ 0.39999962  0.19996643 -0.00300289] Lvec=[ 0.11554909  0.22374725 -0.20076104] Rvec=[1. 0. 0.] object_real_pos_w=[ 19.15       -18.550034    -0.00300289]
[OBS object2] step=2300 pos=[ 0.4142189  -0.20820808  0.00702177] Lvec=[-1.  0.  0.] Rvec=[ 0.0409584  -0.00888634 -0.02398819] object2_real_pos_w=[ 19.164219   -18.958208     0.00702177] right_tcp_pos=[ 19.12326    -18.949322     0.03100996] right_cmd_pos=[ 19.159803   -19.09073      0.23871538] right_cmd_dist=0.2539 right_cmd_root_dist=0.7231 right_tcp_root_dist=0.5080
[OBS object] step=2400 pos=[ 0.39999962  0.19996643 -0.00300295] Lvec=[ 0.12168121  0.21252441 -0.1727935 ] Rvec=[1. 0. 0.] object_real_pos_w=[ 19.15       -18.550034    -0.00300295]
[OBS object2] step=2400 pos=[ 0.4394207  -0.17985916 -0.00300014] Lvec=[-1.  0.  0.] Rvec=[ 0.06923485  0.01358795 -0.03411187] object2_real_pos_w=[ 19.18942    -18.92986     -0.00300014] right_tcp_pos=[ 19.120186   -18.943447     0.03111173] right_cmd_pos=[ 19.226568   -19.049822     0.11758295] right_cmd_dist=0.1735 right_cmd_root_dist=0.6724 right_tcp_root_dist=0.5035
[OBS object] step=2500 pos=[ 0.39999962  0.19996643 -0.00300276] Lvec=[ 0.12291336  0.21406555 -0.17147273] Rvec=[1. 0. 0.] object_real_pos_w=[ 19.15       -18.550034    -0.00300276]
[OBS object2] step=2500 pos=[ 0.43943214 -0.17985344 -0.00300072] Lvec=[-1.  0.  0.] Rvec=[ 0.06570435  0.0070076  -0.0499943 ] object2_real_pos_w=[ 19.189432   -18.929853    -0.00300072] right_tcp_pos=[ 19.123728   -18.936861     0.04699358] right_cmd_pos=[ 19.211803   -19.022207     0.11819011] right_cmd_dist=0.1418 right_cmd_root_dist=0.6503 right_tcp_root_dist=0.5126
[OBS object] step=2600 pos=[ 0.40004158  0.2000103  -0.00300807] Lvec=[ 0.1336956   0.2298851  -0.21827582] Rvec=[1. 0. 0.] object_real_pos_w=[ 19.150042   -18.54999     -0.00300807]
[OBS object2] step=2600 pos=[ 0.4211483  -0.17854881 -0.00266293] Lvec=[-1.  0.  0.] Rvec=[ 0.0522728   0.00197983 -0.04460357] object2_real_pos_w=[ 19.171148   -18.928549    -0.00266293] right_tcp_pos=[ 19.118876   -18.930529     0.04194064] right_cmd_pos=[ 19.14588    -19.074083     0.15837324] right_cmd_dist=0.1868 right_cmd_root_dist=0.6546 right_tcp_root_dist=0.5039
[OBS object] step=2700 pos=[ 0.40004158  0.2000103  -0.00300806] Lvec=[ 0.11675835  0.20381165 -0.16627316] Rvec=[1. 0. 0.] object_real_pos_w=[ 19.150042   -18.54999     -0.00300806]
[OBS object2] step=2700 pos=[ 0.43004608 -0.16781425 -0.00299991] Lvec=[-1.  0.  0.] Rvec=[ 0.0514431   0.0226078  -0.03798754] object2_real_pos_w=[ 19.180046   -18.917814    -0.00299991] right_tcp_pos=[ 19.128603   -18.940422     0.03498763] right_cmd_pos=[ 19.157354   -19.061762     0.15896189] right_cmd_dist=0.1758 right_cmd_root_dist=0.6560 right_tcp_root_dist=0.5107
[OBS object] step=2800 pos=[ 0.40003395  0.19999695 -0.00300507] Lvec=[ 0.11431313  0.18571281 -0.1585823 ] Rvec=[1. 0. 0.] object_real_pos_w=[ 19.150034   -18.550003    -0.00300507]
[OBS object2] step=2800 pos=[ 0.4095497  -0.1882019   0.00328467] Lvec=[-1.  0.  0.] Rvec=[ 0.03277588  0.00510979 -0.04374056] object2_real_pos_w=[ 19.15955    -18.938202     0.00328467] right_tcp_pos=[ 19.126774   -18.943312     0.04702523] right_cmd_pos=[ 19.165188   -19.009678     0.16363195] right_cmd_dist=0.1396 right_cmd_root_dist=0.6410 right_tcp_root_dist=0.5173
[OBS object] step=2900 pos=[ 0.40003395  0.19999695 -0.00300505] Lvec=[ 0.11982536  0.18237877 -0.14763454] Rvec=[1. 0. 0.] object_real_pos_w=[ 19.150034   -18.550003    -0.00300505]
[OBS object2] step=2900 pos=[ 0.42873764 -0.16670418 -0.00265433] Lvec=[-1.  0.  0.] Rvec=[ 0.03927231  0.02325821 -0.04183174] object2_real_pos_w=[ 19.178738   -18.916704    -0.00265433] right_tcp_pos=[ 19.139465   -18.939962     0.03917741] right_cmd_pos=[ 19.185953   -19.054533     0.11257815] right_cmd_dist=0.1438 right_cmd_root_dist=0.6436 right_tcp_root_dist=0.5210
[OBS object] step=3000 pos=[ 0.40003204  0.19999886 -0.00300561] Lvec=[ 0.1269455   0.19297218 -0.14297356] Rvec=[1. 0. 0.] object_real_pos_w=[ 19.150032   -18.550001    -0.00300561]
[OBS_STATS] step=3000 right_cmd_dist_avg=0.1613 min=0.1131 max=0.2539
[OBS object2] step=3000 pos=[ 0.4419899  -0.15486908 -0.0029994 ] Lvec=[-1.  0.  0.] Rvec=[ 0.05624008  0.00020981 -0.03072083] object2_real_pos_w=[ 19.19199   -18.90487    -0.0029994] right_tcp_pos=[ 19.13575    -18.905079     0.02772143] right_cmd_pos=[ 19.240616   -19.004665     0.11951527] right_cmd_dist=0.1713 right_cmd_root_dist=0.6649 right_tcp_root_dist=0.5000
[OBS object] step=3100 pos=[ 0.40003395  0.19992065 -0.00300987] Lvec=[ 0.11760521  0.22742653 -0.18366916] Rvec=[1. 0. 0.] object_real_pos_w=[ 19.150034   -18.55008     -0.00300987]
[OBS object2] step=3100 pos=[ 0.41688156 -0.1691513  -0.00300034] Lvec=[-1.  0.  0.] Rvec=[ 0.02699471  0.05338669 -0.03756902] object2_real_pos_w=[ 19.166882   -18.919151    -0.00300034] right_tcp_pos=[ 19.139887   -18.972538     0.03456867] right_cmd_pos=[ 19.114586   -19.045017     0.15897894] right_cmd_dist=0.1462 right_cmd_root_dist=0.6223 right_tcp_root_dist=0.5315
[OBS object] step=3200 pos=[ 0.40003777  0.19991684 -0.00300876] Lvec=[ 0.18761253  0.23948288 -0.13577156] Rvec=[1. 0. 0.] object_real_pos_w=[ 19.150038   -18.550083    -0.00300876]
[OBS object2] step=3200 pos=[ 0.45129395 -0.14040947 -0.00299972] Lvec=[-1.  0.  0.] Rvec=[ 0.07319069  0.03010559 -0.01840616] object2_real_pos_w=[ 19.201294   -18.89041     -0.00299972] right_tcp_pos=[ 19.128103   -18.920515     0.01540644] right_cmd_pos=[ 19.212538   -18.978338     0.16457972] right_cmd_dist=0.1809 right_cmd_root_dist=0.6618 right_tcp_root_dist=0.4924
[OBS object] step=3300 pos=[ 0.3999939   0.19979286 -0.00300467] Lvec=[ 0.13225174  0.20771217 -0.16737154] Rvec=[1. 0. 0.] object_real_pos_w=[ 19.149994   -18.550207    -0.00300467]
[OBS object2] step=3300 pos=[ 0.4005165  -0.19816208  0.00538826] Lvec=[-1.  0.  0.] Rvec=[ 0.02845573 -0.02531052 -0.04361127] object2_real_pos_w=[ 19.150517   -18.948162     0.00538826] right_tcp_pos=[ 19.12206    -18.922852     0.04899953] right_cmd_pos=[ 19.171995   -19.074121     0.22395074] right_cmd_dist=0.2366 right_cmd_root_dist=0.7126 right_tcp_root_dist=0.5076
[OBS object] step=3400 pos=[ 0.40000343  0.1998024  -0.00300524] Lvec=[ 0.12609482  0.23454285 -0.19043012] Rvec=[1. 0. 0.] object_real_pos_w=[ 19.150003   -18.550198    -0.00300524]
[OBS object2] step=3400 pos=[ 0.39533043 -0.19838333 -0.00299997] Lvec=[-1.  0.  0.] Rvec=[ 0.00401688 -0.02475357 -0.07010052] object2_real_pos_w=[ 19.14533    -18.948383    -0.00299997] right_tcp_pos=[ 19.141314   -18.92363      0.06710054] right_cmd_pos=[ 19.089636   -19.04823      0.14906484] right_cmd_dist=0.1578 right_cmd_root_dist=0.6029 right_tcp_root_dist=0.5328
[OBS object] step=3500 pos=[ 0.40000343  0.1998024  -0.00300528] Lvec=[ 0.13209724  0.20354843 -0.18049328] Rvec=[1. 0. 0.] object_real_pos_w=[ 19.150003   -18.550198    -0.00300528]
[OBS object2] step=3500 pos=[ 0.40044785 -0.20485497  0.0043709 ] Lvec=[-1.  0.  0.] Rvec=[ 0.02429962 -0.012743   -0.04587635] object2_real_pos_w=[ 19.150448  -18.954855    0.0043709] right_tcp_pos=[ 19.126148   -18.942112     0.05024725] right_cmd_pos=[ 19.159111   -19.103441     0.12843442] right_cmd_dist=0.1823 right_cmd_root_dist=0.6599 right_tcp_root_dist=0.5182
[OBS object] step=3600 pos=[ 0.40000343  0.19995499 -0.00300558] Lvec=[ 0.10554504  0.22265244 -0.1921425 ] Rvec=[1. 0. 0.] object_real_pos_w=[ 19.150003   -18.550045    -0.00300558]
[OBS object2] step=3600 pos=[ 0.42642212 -0.1382618  -0.00299815] Lvec=[-1.  0.  0.] Rvec=[ 0.02511406  0.04929161 -0.05689012] object2_real_pos_w=[ 19.176422   -18.888262    -0.00299815] right_tcp_pos=[ 19.151308   -18.937553     0.05389196] right_cmd_pos=[ 19.157059   -19.072235     0.22768676] right_cmd_dist=0.2199 right_cmd_root_dist=0.7055 right_tcp_root_dist=0.5372
[OBS object] step=3700 pos=[ 0.40000916  0.19996452 -0.00300488] Lvec=[ 0.17689323  0.2288971  -0.1345179 ] Rvec=[1. 0. 0.] object_real_pos_w=[ 19.15001    -18.550035    -0.00300488]
[OBS object2] step=3700 pos=[ 0.42733955 -0.13803673 -0.0029986 ] Lvec=[-1.  0.  0.] Rvec=[ 0.03096962  0.0474453  -0.02414183] object2_real_pos_w=[ 19.17734   -18.888037   -0.0029986] right_tcp_pos=[ 19.14637    -18.935482     0.02114323] right_cmd_pos=[ 19.151608   -18.9872       0.11754119] right_cmd_dist=0.1095 right_cmd_root_dist=0.5938 right_tcp_root_dist=0.5148
[OBS object] step=3800 pos=[ 0.39997864  0.19998932 -0.00300451] Lvec=[ 0.12425232  0.17346191 -0.14437804] Rvec=[1. 0. 0.] object_real_pos_w=[ 19.149979   -18.55001     -0.00300451]
[OBS object2] step=3800 pos=[ 0.39764214 -0.19685173  0.00325603] Lvec=[-1.  0.  0.] Rvec=[ 0.00975037 -0.01283836 -0.06696515] object2_real_pos_w=[ 19.147642   -18.946852     0.00325603] right_tcp_pos=[ 19.137892   -18.934013     0.07022119] right_cmd_pos=[ 19.116753   -19.010647     0.18860292] right_cmd_dist=0.1426 right_cmd_root_dist=0.6283 right_tcp_root_dist=0.5356
[OBS object] step=3900 pos=[ 0.39997482  0.19999504 -0.0030022 ] Lvec=[ 0.1491108   0.23737335 -0.19861276] Rvec=[1. 0. 0.] object_real_pos_w=[ 19.149975  -18.550005   -0.0030022]
[OBS object2] step=3900 pos=[ 0.4352455  -0.17105675 -0.00300029] Lvec=[-1.  0.  0.] Rvec=[ 0.06609917  0.01008034 -0.00919209] object2_real_pos_w=[ 19.185246   -18.921057    -0.00300029] right_tcp_pos=[ 19.119146  -18.931137    0.0061918] right_cmd_pos=[ 19.196918   -18.974752     0.15759724] right_cmd_dist=0.1757 right_cmd_root_dist=0.6453 right_tcp_root_dist=0.4845
[OBS object] step=4000 pos=[ 0.39997482  0.20000267 -0.00300333] Lvec=[ 0.1620388   0.24658585 -0.15151234] Rvec=[1. 0. 0.] object_real_pos_w=[ 19.149975   -18.549997    -0.00300333]
[OBS_STATS] step=4000 right_cmd_dist_avg=0.1693 min=0.1095 max=0.2366
[OBS object2] step=4000 pos=[ 0.48944283 -0.16733551 -0.00300007] Lvec=[-1.  0.  0.] Rvec=[ 0.09346962  0.03218269 -0.01852971] object2_real_pos_w=[ 19.239443   -18.917336    -0.00300007] right_tcp_pos=[ 19.145973   -18.949518     0.01552964] right_cmd_pos=[ 19.172855   -18.99805      0.14610055] right_cmd_dist=0.1419 right_cmd_root_dist=0.6303 right_tcp_root_dist=0.5168
[OBS object] step=4100 pos=[ 0.40003014  0.19996452 -0.00299856] Lvec=[ 0.12848473  0.23018837 -0.18182783] Rvec=[1. 0. 0.] object_real_pos_w=[ 19.15003    -18.550035    -0.00299856]
[OBS object2] step=4100 pos=[ 0.43147278 -0.1614151  -0.00300131] Lvec=[-1.  0.  0.] Rvec=[ 0.0492115   0.02141762 -0.01554011] object2_real_pos_w=[ 19.181473   -18.911415    -0.00300131] right_tcp_pos=[ 19.132261   -18.932833     0.01253879] right_cmd_pos=[ 19.10588    -19.08084      0.16531998] right_cmd_dist=0.2143 right_cmd_root_dist=0.6392 right_tcp_root_dist=0.4985
[OBS object] step=4200 pos=[ 0.40002823  0.19997215 -0.0029979 ] Lvec=[ 0.15857697  0.24999237 -0.18033615] Rvec=[1. 0. 0.] object_real_pos_w=[ 19.150028  -18.550028   -0.0029979]
[OBS object2] step=4200 pos=[ 0.4523754  -0.10167885 -0.00300105] Lvec=[-1.  0.  0.] Rvec=[ 0.06305313  0.03888702 -0.01144351] object2_real_pos_w=[ 19.202375   -18.851679    -0.00300105] right_tcp_pos=[ 19.139322   -18.890566     0.00844246] right_cmd_pos=[ 19.221462  -18.9786      0.1664181] right_cmd_dist=0.1986 right_cmd_root_dist=0.6693 right_tcp_root_dist=0.4880
[OBS object] step=4300 pos=[ 0.3999977   0.20002174 -0.00300136] Lvec=[ 0.11994934  0.14469528 -0.150539  ] Rvec=[1. 0. 0.] object_real_pos_w=[ 19.149998   -18.549978    -0.00300136]
[OBS object2] step=4300 pos=[ 0.42466736 -0.22379494  0.01557409] Lvec=[-1.  0.  0.] Rvec=[ 0.02600479 -0.00425339 -0.0219137 ] object2_real_pos_w=[ 19.174667   -18.973795     0.01557409] right_tcp_pos=[ 19.148663   -18.969542     0.03748779] right_cmd_pos=[ 19.157532   -19.092934     0.22573093] right_cmd_dist=0.2253 right_cmd_root_dist=0.7141 right_tcp_root_dist=0.5383
[OBS object] step=4400 pos=[ 0.4000206   0.20000076 -0.00300293] Lvec=[ 0.15793037  0.2235794  -0.16458657] Rvec=[1. 0. 0.] object_real_pos_w=[ 19.15002    -18.55        -0.00300293]
[OBS object2] step=4400 pos=[ 0.42175674 -0.15834618 -0.00300047] Lvec=[-1.  0.  0.] Rvec=[ 0.03977966  0.02285385 -0.01481365] object2_real_pos_w=[ 19.171757   -18.908346    -0.00300047] right_tcp_pos=[ 19.131977   -18.9312       0.01181318] right_cmd_pos=[ 19.19026    -19.065678     0.23056895] right_cmd_dist=0.2633 right_cmd_root_dist=0.7242 right_tcp_root_dist=0.4973
[OBS object] step=4500 pos=[ 0.4000187   0.19999886 -0.00300254] Lvec=[ 0.1284504   0.17112732 -0.15876244] Rvec=[1. 0. 0.] object_real_pos_w=[ 19.150019   -18.550001    -0.00300254]
[OBS object2] step=4500 pos=[ 0.4409008 -0.1349659 -0.002996 ] Lvec=[-1.  0.  0.] Rvec=[ 0.06032372  0.03399277 -0.00880997] object2_real_pos_w=[ 19.1909   -18.884966  -0.002996] right_tcp_pos=[ 19.130577   -18.918959     0.00581397] right_cmd_pos=[ 19.126242   -18.994692     0.15633512] right_cmd_dist=0.1686 right_cmd_root_dist=0.6054 right_tcp_root_dist=0.4887
[OBS object] step=4600 pos=[ 0.40000725  0.1999836  -0.00300333] Lvec=[ 0.11901093  0.17684364 -0.15733919] Rvec=[1. 0. 0.] object_real_pos_w=[ 19.150007   -18.550016    -0.00300333]
[OBS object2] step=4600 pos=[ 0.41326332 -0.19472694 -0.00285968] Lvec=[-1.  0.  0.] Rvec=[ 0.02622414  0.04476738 -0.01331094] object2_real_pos_w=[ 19.163263   -18.944727    -0.00285968] right_tcp_pos=[ 19.13704    -18.989494     0.01045126] right_cmd_pos=[ 19.172344   -19.009247     0.19090152] right_cmd_dist=0.1849 right_cmd_root_dist=0.6633 right_tcp_root_dist=0.5244
[OBS object] step=4700 pos=[ 0.40000725  0.1999855  -0.00300338] Lvec=[ 0.15912819  0.25697708 -0.19127756] Rvec=[1. 0. 0.] object_real_pos_w=[ 19.150007   -18.550014    -0.00300338]
[OBS object2] step=4700 pos=[ 0.43997192 -0.14015579 -0.00299605] Lvec=[-1.  0.  0.] Rvec=[ 0.04085159  0.03408813 -0.01428007] object2_real_pos_w=[ 19.189972   -18.890156    -0.00299605] right_tcp_pos=[ 19.14912    -18.924244     0.01128402] right_cmd_pos=[ 19.216572 -19.01964    0.13836 ] right_cmd_dist=0.1726 right_cmd_root_dist=0.6642 right_tcp_root_dist=0.5079
[OBS object] step=4800 pos=[ 0.40000725  0.1999855  -0.00300338] Lvec=[ 0.12861633  0.20142937 -0.15772977] Rvec=[1. 0. 0.] object_real_pos_w=[ 19.150007   -18.550014    -0.00300338]
[OBS object2] step=4800 pos=[ 0.44512177 -0.13919258 -0.00299982] Lvec=[-1.  0.  0.] Rvec=[ 0.05259323  0.00917435 -0.00962136] object2_real_pos_w=[ 19.195122   -18.889193    -0.00299982] right_tcp_pos=[ 19.142529   -18.898367     0.00662155] right_cmd_pos=[ 19.159296   -18.953783     0.11896718] right_cmd_dist=0.1264 right_cmd_root_dist=0.5875 right_tcp_root_dist=0.4919
[OBS object] step=4900 pos=[ 0.40000534  0.19997787 -0.00300305] Lvec=[ 0.13551712  0.17629623 -0.1448279 ] Rvec=[1. 0. 0.] object_real_pos_w=[ 19.150005   -18.550022    -0.00300305]
[OBS object2] step=4900 pos=[ 0.42266846 -0.14776611 -0.00280942] Lvec=[-1.  0.  0.] Rvec=[ 0.01617432  0.04844475 -0.01137574] object2_real_pos_w=[ 19.172668   -18.897766    -0.00280942] right_tcp_pos=[ 19.156494   -18.94621      0.00856632] right_cmd_pos=[ 19.150589   -19.0135       0.16324437] right_cmd_dist=0.1688 right_cmd_root_dist=0.6330 right_tcp_root_dist=0.5202
[OBS object] step=5000 pos=[ 0.40000534  0.19997787 -0.0030032 ] Lvec=[ 0.11789894  0.09834099 -0.12999529] Rvec=[1. 0. 0.] object_real_pos_w=[ 19.150005  -18.550022   -0.0030032]
[OBS_STATS] step=5000 right_cmd_dist_avg=0.1876 min=0.1264 max=0.2633
[OBS object2] step=5000 pos=[ 0.4407196  -0.09538269 -0.00300014] Lvec=[-1.  0.  0.] Rvec=[ 0.04170227  0.02790833 -0.01338487] object2_real_pos_w=[ 19.19072    -18.845383    -0.00300014] right_tcp_pos=[ 19.149017   -18.873291     0.01038473] right_cmd_pos=[ 19.146116   -18.932705     0.15155739] right_cmd_dist=0.1532 right_cmd_root_dist=0.5929 right_tcp_root_dist=0.4922
[OBS object] step=5100 pos=[ 0.39998627  0.20001602 -0.00299656] Lvec=[ 0.1184864   0.20188904 -0.17959882] Rvec=[1. 0. 0.] object_real_pos_w=[ 19.149986   -18.549984    -0.00299656]
[OBS object2] step=5100 pos=[ 0.41919327 -0.19865227 -0.0029992 ] Lvec=[-1.  0.  0.] Rvec=[ 0.03120613  0.03951073 -0.0088607 ] object2_real_pos_w=[ 19.169193  -18.948652   -0.0029992] right_tcp_pos=[ 19.137987  -18.988163    0.0058615] right_cmd_pos=[ 19.134483   -19.096119     0.24752015] right_cmd_dist=0.2647 right_cmd_root_dist=0.7177 right_tcp_root_dist=0.5222
[OBS object] step=5200 pos=[ 0.39998627  0.20001602 -0.00299663] Lvec=[ 0.13202667  0.16968155 -0.15091304] Rvec=[1. 0. 0.] object_real_pos_w=[ 19.149986   -18.549984    -0.00299663]
[OBS object2] step=5200 pos=[ 0.46356773 -0.18162346 -0.00299927] Lvec=[-1.  0.  0.] Rvec=[ 0.06363678  0.00820541 -0.00962279] object2_real_pos_w=[ 19.213568   -18.931623    -0.00299927] right_tcp_pos=[ 19.149931   -18.939829     0.00662352] right_cmd_pos=[ 19.187353   -19.006458     0.09917772] right_cmd_dist=0.1200 right_cmd_root_dist=0.6156 right_tcp_root_dist=0.5117
[OBS object] step=5300 pos=[ 0.39998627  0.20001602 -0.00299656] Lvec=[ 0.1355629   0.19730759 -0.14702953] Rvec=[1. 0. 0.] object_real_pos_w=[ 19.149986   -18.549984    -0.00299656]
[OBS object2] step=5300 pos=[ 0.46838188 -0.18511772 -0.00300195] Lvec=[-1.  0.  0.] Rvec=[ 0.06953621  0.02525711 -0.00866114] object2_real_pos_w=[ 19.218382   -18.935118    -0.00300195] right_tcp_pos=[ 19.148846   -18.960375     0.00565919] right_cmd_pos=[ 19.257978   -19.079653     0.19466347] right_cmd_dist=0.2487 right_cmd_root_dist=0.7513 right_tcp_root_dist=0.5184
[OBS object] step=5400 pos=[ 0.39963913  0.20017052 -0.00299342] Lvec=[ 0.14359856  0.18168068 -0.15535508] Rvec=[1. 0. 0.] object_real_pos_w=[ 19.14964    -18.54983     -0.00299342]
[OBS object2] step=5400 pos=[ 0.44830513 -0.13804436 -0.00300063] Lvec=[-1.  0.  0.] Rvec=[ 0.05045319  0.02511787 -0.01194092] object2_real_pos_w=[ 19.198305   -18.888044    -0.00300063] right_tcp_pos=[ 19.147852   -18.913162     0.00894029] right_cmd_pos=[ 19.166367   -19.000456     0.23237604] right_cmd_dist=0.2406 right_cmd_root_dist=0.6847 right_tcp_root_dist=0.5020
[OBS object] step=5500 pos=[ 0.39963913  0.20017052 -0.00299354] Lvec=[ 0.1553421   0.16016388 -0.14292003] Rvec=[1. 0. 0.] object_real_pos_w=[ 19.14964    -18.54983     -0.00299354]
[OBS object2] step=5500 pos=[ 0.44830513 -0.13804436 -0.00300067] Lvec=[-1.  0.  0.] Rvec=[ 0.03912544  0.02703094 -0.03614933] object2_real_pos_w=[ 19.198305   -18.888044    -0.00300067] right_tcp_pos=[ 19.15918    -18.915075     0.03314867] right_cmd_pos=[ 19.195463   -19.002285     0.18590757] right_cmd_dist=0.1796 right_cmd_root_dist=0.6724 right_tcp_root_dist=0.5243
