[OBS object] step=0 pos=[ 0.    0.   -0.25] Lvec=[-0.03431416 -0.06991673 -0.13197428] Rvec=[1. 0. 0.] object_real_pos_w=[ 8.85       -8.65        0.04705699]
[OBS_STATS] step=0 right_cmd_dist_avg=0.1889 min=0.1889 max=0.1889
[OBS object2] step=0 pos=[ 0.    0.   -0.25] Lvec=[-1.  0.  0.] Rvec=[ 0.09229279  0.01435089 -0.16422915] object2_real_pos_w=[ 8.85       -8.85        0.04705699] right_tcp_pos=[ 8.657707   -8.764351   -0.08577085] right_cmd_pos=[ 8.75 -8.75 -0.25] right_cmd_dist=0.1889 right_cmd_root_dist=0.0000 right_tcp_root_dist=0.1889
[OBS object] step=100 pos=[0.4068718  0.1533041  0.22289541] Lvec=[-0.02712727 -0.00911331  0.00012253] Rvec=[1. 0. 0.] object_real_pos_w=[ 9.150462  -8.550901  -0.0029874]
[OBS object2] step=100 pos=[ 0.42452145 -0.20411777  0.22546104] Lvec=[-1.  0.  0.] Rvec=[ 0.09066391 -0.12007046  0.09377819] object2_real_pos_w=[ 9.151265   -8.951486   -0.00300018] right_tcp_pos=[ 9.083858   -8.834047    0.13168284] right_cmd_pos=[ 9.174521   -8.954118    0.22546104] right_cmd_dist=0.1773 right_cmd_root_dist=0.6693 right_tcp_root_dist=0.5140
[OBS object] step=200 pos=[0.37442875 0.21376228 0.19046158] Lvec=[-0.05957031  0.05134487 -0.03231131] Rvec=[1. 0. 0.] object_real_pos_w=[ 9.150463   -8.5509     -0.00299783]
[OBS object2] step=200 pos=[ 0.36203957 -0.23854923  0.18505761] Lvec=[-1.  0.  0.] Rvec=[ 0.0272913  -0.15924835  0.05230454] object2_real_pos_w=[ 9.151265   -8.951486   -0.00300023] right_tcp_pos=[ 9.084748   -8.829301    0.13275307] right_cmd_pos=[ 9.11204    -8.988549    0.18505761] right_cmd_dist=0.1698 right_cmd_root_dist=0.6142 right_tcp_root_dist=0.5146
[OBS object] step=300 pos=[0.40334797 0.1700964  0.24106169] Lvec=[-0.03065109  0.00767899  0.01828936] Rvec=[1. 0. 0.] object_real_pos_w=[ 9.150142   -8.550801   -0.00299867]
[OBS object2] step=300 pos=[ 0.42063046 -0.16549206  0.19511688] Lvec=[-1.  0.  0.] Rvec=[ 0.09264278 -0.08617115  0.06331851] object2_real_pos_w=[ 9.151539   -8.951704   -0.00299899] right_tcp_pos=[ 9.077988   -8.829321    0.13179837] right_cmd_pos=[ 9.17063    -8.915492    0.19511688] right_cmd_dist=0.1415 right_cmd_root_dist=0.6344 right_tcp_root_dist=0.5095
[OBS object] step=400 pos=[0.3741703  0.20706558 0.18515363] Lvec=[-0.05982876  0.04464817 -0.0376187 ] Rvec=[1. 0. 0.] object_real_pos_w=[ 9.150142   -8.550801   -0.00299868]
[OBS object2] step=400 pos=[ 0.36209488 -0.19261742  0.12326464] Lvec=[-1.  0.  0.] Rvec=[ 0.02809525 -0.10381317 -0.00872922] object2_real_pos_w=[ 9.15154   -8.951704  -0.0029993] right_tcp_pos=[ 9.084      -8.838804    0.13199386] right_cmd_pos=[ 9.112095   -8.942617    0.12326464] right_cmd_dist=0.1079 right_cmd_root_dist=0.5546 right_tcp_root_dist=0.5151
[OBS object] step=500 pos=[0.43349266 0.23421478 0.17355797] Lvec=[-0.0005064   0.07179737 -0.04921436] Rvec=[1. 0. 0.] object_real_pos_w=[ 9.150142   -8.5508     -0.00299845]
[OBS object2] step=500 pos=[ 0.41050148 -0.2080679   0.15310809] Lvec=[-1.  0.  0.] Rvec=[ 0.07769108 -0.12819576  0.02293688] object2_real_pos_w=[ 9.15154    -8.951704   -0.00299933] right_tcp_pos=[ 9.08281    -8.829872    0.13017121] right_cmd_pos=[ 9.1605015  -8.958068    0.15310809] right_cmd_dist=0.1516 right_cmd_root_dist=0.6118 right_tcp_root_dist=0.5115
[OBS object] step=600 pos=[0.40822697 0.2454567  0.18693411] Lvec=[-0.02577209  0.08303928 -0.03583871] Rvec=[1. 0. 0.] object_real_pos_w=[ 9.150416   -8.550277   -0.00299932]
[OBS object2] step=600 pos=[ 0.40323353 -0.17287731  0.20022744] Lvec=[-1.  0.  0.] Rvec=[ 0.06291485 -0.09026527  0.05341764] object2_real_pos_w=[ 9.151572   -8.95172    -0.00299964] right_tcp_pos=[ 9.090319  -8.832612   0.1468098] right_cmd_pos=[ 9.153234   -8.922877    0.20022744] right_cmd_dist=0.1223 right_cmd_root_dist=0.6286 right_tcp_root_dist=0.5292
[OBS object] step=700 pos=[0.35177422 0.19403458 0.1092357 ] Lvec=[-0.08222485  0.03161716 -0.11353712] Rvec=[1. 0. 0.] object_real_pos_w=[ 9.150416  -8.550277  -0.0029994]
[OBS object2] step=700 pos=[ 0.4288435  -0.25069904  0.18884483] Lvec=[-1.  0.  0.] Rvec=[ 0.08988476 -0.17685413  0.054121  ] object2_real_pos_w=[ 9.151572   -8.951719   -0.00299962] right_tcp_pos=[ 9.088959   -8.823845    0.13472383] right_cmd_pos=[ 9.1788435  -9.000699    0.18884483] right_cmd_dist=0.2056 right_cmd_root_dist=0.6628 right_tcp_root_dist=0.5180
[OBS object] step=800 pos=[0.42881775 0.19081116 0.23963493] Lvec=[-0.00518131  0.02839375  0.01686245] Rvec=[1. 0. 0.] object_real_pos_w=[ 9.150172   -8.550823   -0.00299992]
[OBS object2] step=800 pos=[ 0.41654968 -0.19589901  0.23792636] Lvec=[-1.  0.  0.] Rvec=[ 0.08359051 -0.12417126  0.10902824] object2_real_pos_w=[ 9.15153    -8.951732   -0.00299985] right_tcp_pos=[ 9.082959   -8.821728    0.12889813] right_cmd_pos=[ 9.16655    -8.945899    0.23792636] right_cmd_dist=0.1852 right_cmd_root_dist=0.6708 right_tcp_root_dist=0.5095
[OBS object] step=900 pos=[0.4105568  0.24185658 0.12128282] Lvec=[-0.02344227  0.07943916 -0.10148966] Rvec=[1. 0. 0.] object_real_pos_w=[ 9.150166  -8.550824  -0.0029993]
[OBS object2] step=900 pos=[ 0.41867256 -0.24752808  0.17064184] Lvec=[-1.  0.  0.] Rvec=[ 0.09203243 -0.19347     0.03994666] object2_real_pos_w=[ 9.151528  -8.951733  -0.0029999] right_tcp_pos=[ 9.07664    -8.804058    0.13069518] right_cmd_pos=[ 9.168673   -8.997528    0.17064184] right_cmd_dist=0.2179 right_cmd_root_dist=0.6430 right_tcp_root_dist=0.5045
[OBS object] step=1000 pos=[0.36819458 0.17343903 0.10824496] Lvec=[-0.06580448  0.01102161 -0.11452752] Rvec=[1. 0. 0.] object_real_pos_w=[ 9.150165   -8.550824   -0.00299913]
[OBS_STATS] step=1000 right_cmd_dist_avg=0.1640 min=0.1079 max=0.2179
[OBS object2] step=1000 pos=[ 0.37286568 -0.21401978  0.12556338] Lvec=[-1.  0.  0.] Rvec=[ 0.04080868 -0.15525913 -0.00211371] object2_real_pos_w=[ 9.151528   -8.951733   -0.00299996] right_tcp_pos=[ 9.082057  -8.808761   0.1276771] right_cmd_pos=[ 9.122866   -8.96402     0.12556338] right_cmd_dist=0.1605 right_cmd_root_dist=0.5709 right_tcp_root_dist=0.5063
[OBS object] step=1100 pos=[0.4121189  0.19638157 0.23443264] Lvec=[-0.02188015  0.03396416  0.01166014] Rvec=[1. 0. 0.] object_real_pos_w=[ 9.150423   -8.550196   -0.00299789]
[OBS object2] step=1100 pos=[ 0.40654945 -0.16565037  0.21874166] Lvec=[-1.  0.  0.] Rvec=[ 0.08274078 -0.10512352  0.09642547] object2_real_pos_w=[ 9.151804   -8.951787   -0.00299877] right_tcp_pos=[ 9.073809   -8.810527    0.12231618] right_cmd_pos=[ 9.156549   -8.91565     0.21874166] right_cmd_dist=0.1649 right_cmd_root_dist=0.6422 right_tcp_root_dist=0.4971
[OBS object] step=1200 pos=[0.38566875 0.20140457 0.17635599] Lvec=[-0.04833031  0.03898716 -0.04641651] Rvec=[1. 0. 0.] object_real_pos_w=[ 9.150423   -8.550197   -0.00299765]
[OBS object2] step=1200 pos=[ 0.40311623 -0.24939537  0.11603573] Lvec=[-1.  0.  0.] Rvec=[ 0.08353043 -0.19532967 -0.01344608] object2_real_pos_w=[ 9.151806   -8.951788   -0.00299876] right_tcp_pos=[ 9.069586  -8.804066   0.1294818] right_cmd_pos=[ 9.153116   -8.999395    0.11603573] right_cmd_dist=0.2129 right_cmd_root_dist=0.5989 right_tcp_root_dist=0.4991
[OBS object] step=1300 pos=[0.38061047 0.23700237 0.24931365] Lvec=[-0.0533886   0.07458496  0.0265415 ] Rvec=[1. 0. 0.] object_real_pos_w=[ 9.150598   -8.550478   -0.00300325]
[OBS object2] step=1300 pos=[ 0.40377998 -0.20222569  0.24734712] Lvec=[-1.  0.  0.] Rvec=[ 0.09935093 -0.18347931  0.12190446] object2_real_pos_w=[ 9.151551   -8.951758   -0.00300085] right_tcp_pos=[ 9.054429   -8.768746    0.12544265] right_cmd_pos=[ 9.15378    -8.952226    0.24734712] right_cmd_dist=0.2417 right_cmd_root_dist=0.6718 right_tcp_root_dist=0.4837
[OBS object] step=1400 pos=[0.37892723 0.19231701 0.18444225] Lvec=[-0.05507183  0.0298996  -0.0383299 ] Rvec=[1. 0. 0.] object_real_pos_w=[ 9.150597   -8.550477   -0.00300249]
[OBS object2] step=1400 pos=[ 0.374197   -0.24752998  0.17231253] Lvec=[-1.  0.  0.] Rvec=[ 0.06509686 -0.22099113  0.0518031 ] object2_real_pos_w=[ 9.151551   -8.951758   -0.00300076] right_tcp_pos=[ 9.0591     -8.776539    0.12050943] right_cmd_pos=[ 9.124197   -8.99753     0.17231253] right_cmd_dist=0.2361 right_cmd_root_dist=0.6162 right_tcp_root_dist=0.4832
[OBS object] step=1500 pos=[0.37810612 0.23012352 0.11786026] Lvec=[-0.05589294  0.06770611 -0.10491189] Rvec=[1. 0. 0.] object_real_pos_w=[ 9.150598   -8.550476   -0.00300279]
[OBS object2] step=1500 pos=[ 0.4227457  -0.21378613  0.18530339] Lvec=[-1.  0.  0.] Rvec=[ 0.10049152 -0.1678276   0.06711271] object2_real_pos_w=[ 9.151551  -8.951758  -0.0030008] right_tcp_pos=[ 9.072254   -8.7959585   0.11819068] right_cmd_pos=[ 9.172746   -8.963786    0.18530339] right_cmd_dist=0.2068 right_cmd_root_dist=0.6434 right_tcp_root_dist=0.4915
[OBS object] step=1600 pos=[0.4231453  0.20642757 0.17630297] Lvec=[-0.01085377  0.04401016 -0.0464696 ] Rvec=[1. 0. 0.] object_real_pos_w=[ 9.150403   -8.550737   -0.00300017]
[OBS object2] step=1600 pos=[ 0.3824234  -0.18245983  0.16074479] Lvec=[-1.  0.  0.] Rvec=[ 0.07642365 -0.15740967  0.03754808] object2_real_pos_w=[ 9.151175  -8.951497  -0.0030003] right_tcp_pos=[ 9.056      -8.77505     0.12319671] right_cmd_pos=[ 9.132423   -8.93246     0.16074479] right_cmd_dist=0.1790 right_cmd_root_dist=0.5901 right_tcp_root_dist=0.4833
[OBS object] step=1700 pos=[0.38628483 0.16133785 0.12171012] Lvec=[-0.04771423 -0.00107956 -0.10106245] Rvec=[1. 0. 0.] object_real_pos_w=[ 9.150403   -8.550737   -0.00300012]
[OBS object2] step=1700 pos=[ 0.39896393 -0.21703625  0.10441935] Lvec=[-1.  0.  0.] Rvec=[ 0.08707523 -0.18844223 -0.01732945] object2_real_pos_w=[ 9.151174   -8.951497   -0.00300044] right_tcp_pos=[ 9.061889  -8.778594   0.1217488] right_cmd_pos=[ 9.148964   -8.967036    0.10441935] right_cmd_dist=0.2083 right_cmd_root_dist=0.5761 right_tcp_root_dist=0.4861
[OBS object] step=1800 pos=[0.41815472 0.23301697 0.15041655] Lvec=[-0.01584435  0.07059956 -0.07235558] Rvec=[1. 0. 0.] object_real_pos_w=[ 9.150385   -8.550706   -0.00300127]
[OBS object2] step=1800 pos=[ 0.39080906 -0.2420969   0.17619291] Lvec=[-1.  0.  0.] Rvec=[ 0.07840061 -0.22358608  0.04968359] object2_real_pos_w=[ 9.151551   -8.951704   -0.00299986] right_tcp_pos=[ 9.062408   -8.768511    0.12650932] right_cmd_pos=[ 9.140809   -8.992097    0.17619291] right_cmd_dist=0.2421 right_cmd_root_dist=0.6269 right_tcp_root_dist=0.4896
[OBS object] step=1900 pos=[0.44114208 0.17335033 0.13572156] Lvec=[ 0.00714302  0.01093292 -0.08705057] Rvec=[1. 0. 0.] object_real_pos_w=[ 9.150386   -8.550706   -0.00300125]
[OBS object2] step=1900 pos=[ 0.44138622 -0.20401192  0.1782723 ] Lvec=[-1.  0.  0.] Rvec=[ 0.12315559 -0.18245983  0.05667513] object2_real_pos_w=[ 9.151552   -8.951704   -0.00300039] right_tcp_pos=[ 9.068231   -8.771552    0.12159718] right_cmd_pos=[ 9.191386  -8.954012   0.1782723] right_cmd_dist=0.2273 right_cmd_root_dist=0.6480 right_tcp_root_dist=0.4897
[OBS object] step=2000 pos=[0.36300564 0.2006216  0.12078106] Lvec=[-0.07099342  0.03820419 -0.10199107] Rvec=[1. 0. 0.] object_real_pos_w=[ 9.150386   -8.550706   -0.00300121]
[OBS_STATS] step=2000 right_cmd_dist_avg=0.2148 min=0.1649 max=0.2421
[OBS object2] step=2000 pos=[ 0.39484882 -0.21884537  0.18490094] Lvec=[-1.  0.  0.] Rvec=[ 0.08379459 -0.20477867  0.05889553] object2_real_pos_w=[ 9.151552   -8.951704   -0.00300037] right_tcp_pos=[ 9.061054   -8.764067    0.12600541] right_cmd_pos=[ 9.144849   -8.968845    0.18490094] right_cmd_dist=0.2290 right_cmd_root_dist=0.6268 right_tcp_root_dist=0.4882
[OBS object] step=2100 pos=[0.41795063 0.24292374 0.15823561] Lvec=[-0.01604843  0.08050632 -0.06453696] Rvec=[1. 0. 0.] object_real_pos_w=[ 9.150314   -8.550337   -0.00300455]
[OBS object2] step=2100 pos=[ 0.43723774 -0.2488842   0.24943888] Lvec=[-1.  0.  0.] Rvec=[ 0.12810993 -0.2422409   0.12131678] object2_real_pos_w=[ 9.151265   -8.951533   -0.00300023] right_tcp_pos=[ 9.059128  -8.756643   0.1281221] right_cmd_pos=[ 9.187238   -8.998884    0.24943888] right_cmd_dist=0.2997 right_cmd_root_dist=0.7089 right_tcp_root_dist=0.4884
[OBS object] step=2200 pos=[0.3640499  0.20111561 0.12265411] Lvec=[-0.06994915  0.0386982  -0.10011846] Rvec=[1. 0. 0.] object_real_pos_w=[ 9.150314   -8.550337   -0.00300452]
[OBS object2] step=2200 pos=[ 0.3598385  -0.23850441  0.17338085] Lvec=[-1.  0.  0.] Rvec=[ 0.04831982 -0.24389744  0.03708649] object2_real_pos_w=[ 9.151263   -8.951535   -0.00299921] right_tcp_pos=[ 9.061519   -8.744607    0.13629436] right_cmd_pos=[ 9.1098385  -8.988504    0.17338085] right_cmd_dist=0.2514 right_cmd_root_dist=0.6047 right_tcp_root_dist=0.4963
[OBS object] step=2300 pos=[0.40450668 0.15037918 0.18121105] Lvec=[-0.02949238 -0.01203823 -0.04156154] Rvec=[1. 0. 0.] object_real_pos_w=[ 9.150503   -8.550815   -0.00299796]
[OBS object2] step=2300 pos=[ 0.449337   -0.20926285  0.24754053] Lvec=[-1.  0.  0.] Rvec=[ 0.1435318  -0.2155571   0.12052396] object2_real_pos_w=[ 9.151304  -8.951558  -0.0029992] right_tcp_pos=[ 9.055805   -8.743706    0.12701657] right_cmd_pos=[ 9.199337   -8.959263    0.24754053] right_cmd_dist=0.2856 right_cmd_root_dist=0.7023 right_tcp_root_dist=0.4855
[OBS object] step=2400 pos=[0.3697281  0.21890354 0.17711353] Lvec=[-0.06427097  0.05648613 -0.04565907] Rvec=[1. 0. 0.] object_real_pos_w=[ 9.150503   -8.550815   -0.00299791]
[OBS object2] step=2400 pos=[ 0.36923027 -0.25126934  0.18108305] Lvec=[-1.  0.  0.] Rvec=[ 0.08098793 -0.2723713   0.07167407] object2_real_pos_w=[ 9.151304   -8.951559   -0.00299907] right_tcp_pos=[ 9.038242   -8.728898    0.10940898] right_cmd_pos=[ 9.11923    -9.001269    0.18108305] right_cmd_dist=0.2931 right_cmd_root_dist=0.6207 right_tcp_root_dist=0.4612
[OBS object] step=2500 pos=[0.37773895 0.23766041 0.11120903] Lvec=[-0.05626011  0.075243   -0.11156356] Rvec=[1. 0. 0.] object_real_pos_w=[ 9.150504   -8.550814   -0.00299795]
[OBS object2] step=2500 pos=[ 0.44514847 -0.23750019  0.1701563 ] Lvec=[-1.  0.  0.] Rvec=[ 0.14177895 -0.23612499  0.0622968 ] object2_real_pos_w=[ 9.151304   -8.95156    -0.00299909] right_tcp_pos=[ 9.0533695 -8.751375   0.1078595] right_cmd_pos=[ 9.195148  -8.9875     0.1701563] right_cmd_dist=0.2824 right_cmd_root_dist=0.6566 right_tcp_root_dist=0.4691
[OBS object] step=2600 pos=[0.385602   0.24106884 0.18556094] Lvec=[-0.04839706  0.07865143 -0.03721142] Rvec=[1. 0. 0.] object_real_pos_w=[ 9.150581   -8.550532   -0.00300021]
[OBS object2] step=2600 pos=[ 0.36866188 -0.24551487  0.22009024] Lvec=[-1.  0.  0.] Rvec=[ 0.0768795  -0.27450848  0.08849375] object2_real_pos_w=[ 9.151403   -8.95166    -0.00299904] right_tcp_pos=[ 9.041782   -8.721006    0.13159649] right_cmd_pos=[ 9.118662   -8.995515    0.22009024] right_cmd_dist=0.2985 right_cmd_root_dist=0.6459 right_tcp_root_dist=0.4812
[OBS object] step=2700 pos=[0.43088627 0.21882248 0.15228847] Lvec=[-0.00311279  0.05640507 -0.07048389] Rvec=[1. 0. 0.] object_real_pos_w=[ 9.150581  -8.550532  -0.0030002]
[OBS object2] step=2700 pos=[ 0.35667706 -0.25044346  0.11978316] Lvec=[-1.  0.  0.] Rvec=[ 0.06040382 -0.27312183 -0.0006398 ] object2_real_pos_w=[ 9.151403   -8.95166    -0.00299893] right_tcp_pos=[ 9.046273   -8.727322    0.12042297] right_cmd_pos=[ 9.106677   -9.000443    0.11978316] right_cmd_dist=0.2797 right_cmd_root_dist=0.5716 right_tcp_root_dist=0.4749
[OBS object] step=2800 pos=[0.4261408  0.16799927 0.19624549] Lvec=[-0.00785828  0.00558186 -0.02652727] Rvec=[1. 0. 0.] object_real_pos_w=[ 9.150428   -8.550236   -0.00300294]
[OBS object2] step=2800 pos=[ 0.3957739  -0.17302799  0.16260058] Lvec=[-1.  0.  0.] Rvec=[ 0.09290504 -0.19655418  0.04626994] object2_real_pos_w=[ 9.151357   -8.951598   -0.00299905] right_tcp_pos=[ 9.052869   -8.726474    0.11633064] right_cmd_pos=[ 9.145774   -8.923028    0.16260058] right_cmd_dist=0.2223 right_cmd_root_dist=0.5973 right_tcp_root_dist=0.4759
[OBS object] step=2900 pos=[0.36484337 0.22336769 0.18021649] Lvec=[-0.06915569  0.06095028 -0.04255627] Rvec=[1. 0. 0.] object_real_pos_w=[ 9.150428   -8.550235   -0.00300318]
[OBS object2] step=2900 pos=[ 0.38939285 -0.15188599  0.11049536] Lvec=[-1.  0.  0.] Rvec=[ 0.09708977 -0.18459702 -0.0005393 ] object2_real_pos_w=[ 9.151334   -8.951596   -0.00299962] right_tcp_pos=[ 9.042303   -8.717289    0.11103466] right_cmd_pos=[ 9.139393   -8.901886    0.11049536] right_cmd_dist=0.2086 right_cmd_root_dist=0.5520 right_tcp_root_dist=0.4657
[OBS object] step=3000 pos=[0.4178095  0.15769768 0.14864147] Lvec=[-0.01618958 -0.00471973 -0.0741313 ] Rvec=[1. 0. 0.] object_real_pos_w=[ 9.150428   -8.550235   -0.00300319]
[OBS_STATS] step=3000 right_cmd_dist_avg=0.2668 min=0.2086 max=0.2997
[OBS object2] step=3000 pos=[ 0.42812443 -0.18449211  0.13154721] Lvec=[-1.  0.  0.] Rvec=[ 0.13052177 -0.20725727  0.02895907] object2_real_pos_w=[ 9.151314   -8.951593   -0.00300021] right_tcp_pos=[ 9.047603   -8.727235    0.10258814] right_cmd_pos=[ 9.178124   -8.934492    0.13154721] right_cmd_dist=0.2466 right_cmd_root_dist=0.6024 right_tcp_root_dist=0.4620
[OBS object] step=3100 pos=[0.43636417 0.23626518 0.19705656] Lvec=[ 0.00236511  0.07384777 -0.02571604] Rvec=[1. 0. 0.] object_real_pos_w=[ 9.150378   -8.550779   -0.00299967]
[OBS object2] step=3100 pos=[ 0.39471245 -0.2366476   0.22839195] Lvec=[-1.  0.  0.] Rvec=[ 0.10215282 -0.27336216  0.13086283] object2_real_pos_w=[ 9.151314   -8.951583   -0.00299939] right_tcp_pos=[ 9.04256    -8.713285    0.09752912] right_cmd_pos=[ 9.144712   -8.986648    0.22839195] right_cmd_dist=0.3198 right_cmd_root_dist=0.6638 right_tcp_root_dist=0.4558
[OBS object] step=3200 pos=[0.38482475 0.19928932 0.16234055] Lvec=[-0.04917431  0.03687191 -0.06043205] Rvec=[1. 0. 0.] object_real_pos_w=[ 9.150378   -8.55078    -0.00299967]
[OBS object2] step=3200 pos=[ 0.427433   -0.15413952  0.16817248] Lvec=[-1.  0.  0.] Rvec=[ 0.13100529 -0.20103645  0.05820028] object2_real_pos_w=[ 9.151313   -8.951582   -0.00299967] right_tcp_pos=[ 9.046428  -8.703103   0.1099722] right_cmd_pos=[ 9.177433   -8.9041395   0.16817248] right_cmd_dist=0.2469 right_cmd_root_dist=0.6175 right_tcp_root_dist=0.4687
[OBS object] step=3300 pos=[0.38490486 0.17921829 0.1737077 ] Lvec=[-0.0490942   0.01680088 -0.04906502] Rvec=[1. 0. 0.] object_real_pos_w=[ 9.150465  -8.550293  -0.0029998]
[OBS object2] step=3300 pos=[ 0.42386246 -0.203228    0.21154559] Lvec=[-1.  0.  0.] Rvec=[ 0.14449501 -0.24967957  0.11566831] object2_real_pos_w=[ 9.151297   -8.951479   -0.00299986] right_tcp_pos=[ 9.029367   -8.703548    0.09587727] right_cmd_pos=[ 9.173862   -8.953228    0.21154559] right_cmd_dist=0.3108 right_cmd_root_dist=0.6588 right_tcp_root_dist=0.4470
[OBS object] step=3400 pos=[0.41951942 0.16670227 0.12074247] Lvec=[-0.01447964  0.00428486 -0.10203025] Rvec=[1. 0. 0.] object_real_pos_w=[ 9.150465   -8.550293   -0.00299995]
[OBS object2] step=3400 pos=[ 0.36214733 -0.23708153  0.12518406] Lvec=[-1.  0.  0.] Rvec=[ 0.09380436 -0.2970028   0.02860376] object2_real_pos_w=[ 9.151297   -8.951479   -0.00299975] right_tcp_pos=[ 9.018343  -8.690079   0.0965803] right_cmd_pos=[ 9.112147   -8.987082    0.12518406] right_cmd_dist=0.3128 right_cmd_root_dist=0.5728 right_tcp_root_dist=0.4424
[OBS object] step=3500 pos=[0.3826666  0.16211224 0.11388087] Lvec=[-0.05133247 -0.00030518 -0.10889184] Rvec=[1. 0. 0.] object_real_pos_w=[ 9.150465   -8.550293   -0.00299989]
[OBS object2] step=3500 pos=[ 0.44611168 -0.21631336  0.1770398 ] Lvec=[-1.  0.  0.] Rvec=[ 0.16577435 -0.28352165  0.06692915] object2_real_pos_w=[ 9.151298   -8.951478   -0.00300013] right_tcp_pos=[ 9.030337   -8.682792    0.11011066] right_cmd_pos=[ 9.196112  -8.966313   0.1770398] right_cmd_dist=0.3352 right_cmd_root_dist=0.6543 right_tcp_root_dist=0.4613
[OBS object] step=3600 pos=[0.37905025 0.19675541 0.19637275] Lvec=[-0.05494881  0.034338   -0.02639982] Rvec=[1. 0. 0.] object_real_pos_w=[ 9.150516   -8.550793   -0.00299938]
[OBS object2] step=3600 pos=[ 0.37690353 -0.23990536  0.17356509] Lvec=[-1.  0.  0.] Rvec=[ 0.11254501 -0.30045223  0.09294812] object2_real_pos_w=[ 9.151063   -8.951478   -0.00299888] right_tcp_pos=[ 9.0143585  -8.689453    0.08061697] right_cmd_pos=[ 9.126904   -8.989905    0.17356509] right_cmd_dist=0.3340 right_cmd_root_dist=0.6156 right_tcp_root_dist=0.4276
[OBS object] step=3700 pos=[0.38509274 0.17144299 0.1538282 ] Lvec=[-0.04890633  0.00902557 -0.06894436] Rvec=[1. 0. 0.] object_real_pos_w=[ 9.150515   -8.550793   -0.00299916]
[OBS object2] step=3700 pos=[ 0.38735962 -0.1820116   0.16042018] Lvec=[-1.  0.  0.] Rvec=[ 0.11138725 -0.247015    0.06112176] object2_real_pos_w=[ 9.151064   -8.951478   -0.00299876] right_tcp_pos=[ 9.025972   -8.684997    0.09929842] right_cmd_pos=[ 9.13736    -8.932012    0.16042018] right_cmd_dist=0.2778 right_cmd_root_dist=0.5930 right_tcp_root_dist=0.4499
[OBS object] step=0 pos=[ 0.    0.   -0.25] Lvec=[-0.03431416 -0.06991673 -0.13197428] Rvec=[1. 0. 0.] object_real_pos_w=[ 8.85       -8.65        0.04705699]
[OBS_STATS] step=0 right_cmd_dist_avg=0.1889 min=0.1889 max=0.1889
[OBS object2] step=0 pos=[ 0.    0.   -0.25] Lvec=[-1.  0.  0.] Rvec=[ 0.09229279  0.01435089 -0.16422915] object2_real_pos_w=[ 8.85       -8.85        0.04705699] right_tcp_pos=[ 8.657707   -8.764351   -0.08577085] right_cmd_pos=[ 8.75 -8.75 -0.25] right_cmd_dist=0.1889 right_cmd_root_dist=0.0000 right_tcp_root_dist=0.1889
[OBS object] step=100 pos=[0.4068718  0.1533041  0.22289541] Lvec=[-0.02712727 -0.00911331  0.00012276] Rvec=[1. 0. 0.] object_real_pos_w=[ 9.150185   -8.551035   -0.00299874]
[OBS object2] step=100 pos=[ 0.42452145 -0.20411777  0.22546104] Lvec=[-1.  0.  0.] Rvec=[ 0.11445999 -0.15685368 -0.18509725] object2_real_pos_w=[ 9.150911   -8.951179   -0.00299863] right_tcp_pos=[ 9.060061   -8.797264    0.41055828] right_cmd_pos=[ 9.174521   -8.954118    0.22546104] right_cmd_dist=0.2683 right_cmd_root_dist=0.6693 right_tcp_root_dist=0.7312
[OBS object] step=200 pos=[0.37415028 0.21362686 0.19046152] Lvec=[-0.05984879  0.05120945 -0.03231114] Rvec=[1. 0. 0.] object_real_pos_w=[ 9.150185   -8.551036   -0.00299893]
[OBS object2] step=200 pos=[ 0.36168575 -0.23824215  0.18505916] Lvec=[-1.  0.  0.] Rvec=[ 0.05010128 -0.1861887  -0.2186873 ] object2_real_pos_w=[ 9.150911   -8.951179   -0.00299964] right_tcp_pos=[ 9.061584   -8.802053    0.40374646] right_cmd_pos=[ 9.111686   -8.988242    0.18505916] right_cmd_dist=0.2915 right_cmd_root_dist=0.6139 right_tcp_root_dist=0.7261
[OBS object] step=300 pos=[0.40334797 0.1700964  0.24106169] Lvec=[-0.03065109  0.00767899  0.01828909] Rvec=[1. 0. 0.] object_real_pos_w=[ 9.150389   -8.550333   -0.00299791]
[OBS object2] step=300 pos=[ 0.42063046 -0.16549206  0.19511688] Lvec=[-1.  0.  0.] Rvec=[ 0.11508274 -0.12030315 -0.20728698] object2_real_pos_w=[ 9.1506195  -8.951219   -0.00299931] right_tcp_pos=[ 9.055548   -8.795189    0.40240386] right_cmd_pos=[ 9.17063    -8.915492    0.19511688] right_cmd_dist=0.2659 right_cmd_root_dist=0.6344 right_tcp_root_dist=0.7218
[OBS object] step=400 pos=[0.37441826 0.20753479 0.1851548 ] Lvec=[-0.0595808   0.04511738 -0.0376178 ] Rvec=[1. 0. 0.] object_real_pos_w=[ 9.150389   -8.550333   -0.00299762]
[OBS object2] step=400 pos=[ 0.36117554 -0.19213295  0.12326449] Lvec=[-1.  0.  0.] Rvec=[ 0.04942608 -0.1353283  -0.2787406 ] object2_real_pos_w=[ 9.1506195  -8.951219   -0.00299939] right_tcp_pos=[ 9.061749  -8.806805   0.4020051] right_cmd_pos=[ 9.111176   -8.942133    0.12326449] right_cmd_dist=0.3138 right_cmd_root_dist=0.5538 right_tcp_root_dist=0.7249
[OBS object] step=500 pos=[0.43374062 0.23468304 0.17355877] Lvec=[-0.00025845  0.07226562 -0.04921383] Rvec=[1. 0. 0.] object_real_pos_w=[ 9.15039    -8.550332   -0.00299757]
[OBS object2] step=500 pos=[ 0.40958118 -0.20758343  0.15310863] Lvec=[-1.  0.  0.] Rvec=[ 0.09860516 -0.15921497 -0.2528729 ] object2_real_pos_w=[ 9.1506195  -8.951219   -0.00299938] right_tcp_pos=[ 9.060976   -8.798368    0.40598154] right_cmd_pos=[ 9.159581   -8.957583    0.15310863] right_cmd_dist=0.3147 right_cmd_root_dist=0.6110 right_tcp_root_dist=0.7276
[OBS object] step=600 pos=[0.40822697 0.2454567  0.18693411] Lvec=[-0.02577209  0.08303928 -0.03583837] Rvec=[1. 0. 0.] object_real_pos_w=[ 9.150492   -8.550855   -0.00299491]
[OBS object2] step=600 pos=[ 0.40323353 -0.17287731  0.20022744] Lvec=[-1.  0.  0.] Rvec=[ 0.09970284 -0.11993504 -0.21505144] object2_real_pos_w=[ 9.150682   -8.951005   -0.00300009] right_tcp_pos=[ 9.053531   -8.802942    0.41527888] right_cmd_pos=[ 9.153234   -8.922877    0.20022744] right_cmd_dist=0.2657 right_cmd_root_dist=0.6286 right_tcp_root_dist=0.7332
[OBS object] step=700 pos=[0.35184765 0.1934557  0.10924017] Lvec=[-0.08215141  0.03103828 -0.1135323 ] Rvec=[1. 0. 0.] object_real_pos_w=[ 9.150492   -8.550854   -0.00299473]
[OBS object2] step=700 pos=[ 0.42795467 -0.24998474  0.18884546] Lvec=[-1.  0.  0.] Rvec=[ 0.11508656 -0.19968224 -0.2251172 ] object2_real_pos_w=[ 9.150682   -8.951005   -0.00300006] right_tcp_pos=[ 9.062868   -8.8003025   0.41396266] right_cmd_pos=[ 9.177955   -8.999985    0.18884546] right_cmd_dist=0.3222 right_cmd_root_dist=0.6620 right_tcp_root_dist=0.7357
[OBS object] step=800 pos=[0.42881775 0.19081116 0.23963493] Lvec=[-0.00518131  0.02839375  0.01686215] Rvec=[1. 0. 0.] object_real_pos_w=[ 9.150508  -8.550278  -0.0030023]
[OBS object2] step=800 pos=[ 0.41654968 -0.19589901  0.23792636] Lvec=[-1.  0.  0.] Rvec=[ 0.10595417 -0.15269947 -0.16787356] object2_real_pos_w=[ 9.150987   -8.951178   -0.00300024] right_tcp_pos=[ 9.0605955  -8.7932      0.40579993] right_cmd_pos=[ 9.16655    -8.945899    0.23792636] right_cmd_dist=0.2504 right_cmd_root_dist=0.6708 right_tcp_root_dist=0.7269
[OBS object] step=900 pos=[0.4108963  0.24240303 0.12127984] Lvec=[-0.02310276  0.07998562 -0.10149294] Rvec=[1. 0. 0.] object_real_pos_w=[ 9.150508   -8.550278   -0.00300236]
[OBS object2] step=900 pos=[ 0.418128   -0.2469759   0.17064148] Lvec=[-1.  0.  0.] Rvec=[ 0.10706997 -0.20250797 -0.24367636] object2_real_pos_w=[ 9.150986   -8.951179   -0.00300042] right_tcp_pos=[ 9.061058   -8.794468    0.41431785] right_cmd_pos=[ 9.168128   -8.996976    0.17064148] right_cmd_dist=0.3344 right_cmd_root_dist=0.6425 right_tcp_root_dist=0.7349
[OBS object] step=1000 pos=[0.3685379  0.17398548 0.10824174] Lvec=[-0.06546116  0.01156807 -0.11453104] Rvec=[1. 0. 0.] object_real_pos_w=[ 9.150508   -8.550278   -0.00300235]
[OBS_STATS] step=1000 right_cmd_dist_avg=0.2956 min=0.2504 max=0.3344
[OBS object2] step=1000 pos=[ 0.37232208 -0.21346474  0.12556314] Lvec=[-1.  0.  0.] Rvec=[ 0.05466652 -0.15867138 -0.28277424] object2_real_pos_w=[ 9.150987   -8.951178   -0.00300011] right_tcp_pos=[ 9.067656   -8.804793    0.40833738] right_cmd_pos=[ 9.122322   -8.963465    0.12556314] right_cmd_dist=0.3288 right_cmd_root_dist=0.5703 right_tcp_root_dist=0.7330
[OBS object] step=1100 pos=[0.4121189  0.19638157 0.23443264] Lvec=[-0.02188015  0.03396416  0.01165998] Rvec=[1. 0. 0.] object_real_pos_w=[ 9.150065   -8.550731   -0.00300086]
[OBS object2] step=1100 pos=[ 0.40654945 -0.16565037  0.21874166] Lvec=[-1.  0.  0.] Rvec=[ 0.09833145 -0.11807251 -0.18351653] object2_real_pos_w=[ 9.150994   -8.951222   -0.00299907] right_tcp_pos=[ 9.058218  -8.797578   0.4022582] right_cmd_pos=[ 9.156549   -8.91565     0.21874166] right_cmd_dist=0.2394 right_cmd_root_dist=0.6422 right_tcp_root_dist=0.7230
[OBS object] step=1200 pos=[0.38531017 0.20087051 0.17635351] Lvec=[-0.04868889  0.0384531  -0.04641914] Rvec=[1. 0. 0.] object_real_pos_w=[ 9.150065   -8.550731   -0.00300029]
[OBS object2] step=1200 pos=[ 0.4023056  -0.24883175  0.1160354 ] Lvec=[-1.  0.  0.] Rvec=[ 0.09700012 -0.18402386 -0.3012163 ] object2_real_pos_w=[ 9.150995   -8.951223   -0.00300021] right_tcp_pos=[ 9.0553055 -8.814808   0.4172517] right_cmd_pos=[ 9.152306  -8.998832   0.1160354] right_cmd_dist=0.3661 right_cmd_root_dist=0.5981 right_tcp_root_dist=0.7366
[OBS object] step=1300 pos=[0.38061047 0.23700237 0.24931365] Lvec=[-0.0533886   0.07458496  0.02654074] Rvec=[1. 0. 0.] object_real_pos_w=[ 9.150169   -8.550497   -0.00300135]
[OBS object2] step=1300 pos=[ 0.40377998 -0.20222569  0.24734712] Lvec=[-1.  0.  0.] Rvec=[ 0.11571217 -0.1808424  -0.1666984 ] object2_real_pos_w=[ 9.150895   -8.951087   -0.00299923] right_tcp_pos=[ 9.038068  -8.771383   0.4140455] right_cmd_pos=[ 9.15378    -8.952226    0.24734712] right_cmd_dist=0.2718 right_cmd_root_dist=0.6718 right_tcp_root_dist=0.7242
[OBS object] step=1400 pos=[0.37849998 0.19229794 0.18444464] Lvec=[-0.05549908  0.02988052 -0.03832828] Rvec=[1. 0. 0.] object_real_pos_w=[ 9.150169   -8.550496   -0.00300045]
[OBS object2] step=1400 pos=[ 0.37354088 -0.24685955  0.17231405] Lvec=[-1.  0.  0.] Rvec=[ 0.06714058 -0.2018547  -0.2396549 ] object2_real_pos_w=[ 9.150895   -8.951088   -0.00299912] right_tcp_pos=[ 9.0564     -8.795005    0.41196895] right_cmd_pos=[ 9.123541   -8.99686     0.17231405] right_cmd_dist=0.3204 right_cmd_root_dist=0.6155 right_tcp_root_dist=0.7308
[OBS object] step=1500 pos=[0.37767792 0.2301035  0.117863  ] Lvec=[-0.05632114  0.06768608 -0.10490991] Rvec=[1. 0. 0.] object_real_pos_w=[ 9.15017    -8.550496   -0.00300023]
[OBS object2] step=1500 pos=[ 0.42208958 -0.21311474  0.18530488] Lvec=[-1.  0.  0.] Rvec=[ 0.10446167 -0.16060066 -0.21727553] object2_real_pos_w=[ 9.150895   -8.951087   -0.00299933] right_tcp_pos=[ 9.067628  -8.802514   0.4025804] right_cmd_pos=[ 9.17209    -8.963115    0.18530488] right_cmd_dist=0.2897 right_cmd_root_dist=0.6427 right_tcp_root_dist=0.7277
[OBS object] step=1600 pos=[0.4231453  0.20642757 0.17630297] Lvec=[-0.01085377  0.04401016 -0.04646966] Rvec=[1. 0. 0.] object_real_pos_w=[ 9.150327   -8.550921   -0.00299614]
[OBS object2] step=1600 pos=[ 0.3824234  -0.18245983  0.16074479] Lvec=[-1.  0.  0.] Rvec=[ 0.0860014  -0.13710976 -0.2440626 ] object2_real_pos_w=[ 9.150536  -8.950886  -0.0029988] right_tcp_pos=[ 9.046422  -8.79535    0.4048074] right_cmd_pos=[ 9.132423   -8.93246     0.16074479] right_cmd_dist=0.2929 right_cmd_root_dist=0.5901 right_tcp_root_dist=0.7202
[OBS object] step=1700 pos=[0.38620853 0.1611538  0.12171406] Lvec=[-0.04779053 -0.00126362 -0.10105857] Rvec=[1. 0. 0.] object_real_pos_w=[ 9.150327  -8.550922  -0.0029962]
[OBS object2] step=1700 pos=[ 0.39832592 -0.21642494  0.10442007] Lvec=[-1.  0.  0.] Rvec=[ 0.08916283 -0.16677952 -0.2993361 ] object2_real_pos_w=[ 9.150537   -8.950886   -0.00300052] right_tcp_pos=[ 9.059163   -8.799645    0.40375617] right_cmd_pos=[ 9.148326   -8.966425    0.10442007] right_cmd_dist=0.3541 right_cmd_root_dist=0.5754 right_tcp_root_dist=0.7249
[OBS object] step=1800 pos=[0.41815472 0.23301697 0.15041655] Lvec=[-0.01584435  0.07059956 -0.07235613] Rvec=[1. 0. 0.] object_real_pos_w=[ 9.150546   -8.55062    -0.00300356]
[OBS object2] step=1800 pos=[ 0.39080906 -0.2420969   0.17619291] Lvec=[-1.  0.  0.] Rvec=[ 0.08055973 -0.19172955 -0.24098364] object2_real_pos_w=[ 9.150911   -8.951201   -0.00299951] right_tcp_pos=[ 9.060249   -8.800367    0.41717654] right_cmd_pos=[ 9.140809   -8.992097    0.17619291] right_cmd_dist=0.3183 right_cmd_root_dist=0.6269 right_tcp_root_dist=0.7375
[OBS object] step=1900 pos=[0.4413023  0.17343616 0.13571954] Lvec=[ 0.00730324  0.01101875 -0.08705315] Rvec=[1. 0. 0.] object_real_pos_w=[ 9.150545   -8.55062    -0.00300355]
[OBS object2] step=1900 pos=[ 0.4407444  -0.20350933  0.17827266] Lvec=[-1.  0.  0.] Rvec=[ 0.12434959 -0.15209293 -0.2279672 ] object2_real_pos_w=[ 9.150911   -8.951201   -0.00300056] right_tcp_pos=[ 9.066395   -8.801416    0.40623987] right_cmd_pos=[ 9.190744   -8.953509    0.17827266] right_cmd_dist=0.3009 right_cmd_root_dist=0.6474 right_tcp_root_dist=0.7303
[OBS object] step=2000 pos=[0.3631668  0.20070744 0.12077883] Lvec=[-0.07083225  0.03829002 -0.10199386] Rvec=[1. 0. 0.] object_real_pos_w=[ 9.150546   -8.55062    -0.00300325]
[OBS_STATS] step=2000 right_cmd_dist_avg=0.3045 min=0.2394 max=0.3661
[OBS object2] step=2000 pos=[ 0.3942089  -0.21834373  0.18490088] Lvec=[-1.  0.  0.] Rvec=[ 0.08827305 -0.16203403 -0.22553205] object2_real_pos_w=[ 9.150912   -8.951201   -0.00299973] right_tcp_pos=[ 9.055936   -8.80631     0.41043293] right_cmd_pos=[ 9.144209   -8.968344    0.18490088] right_cmd_dist=0.2914 right_cmd_root_dist=0.6263 right_tcp_root_dist=0.7300
[OBS object] step=2100 pos=[0.41795063 0.24292374 0.15823561] Lvec=[-0.01604843  0.08050632 -0.0645373 ] Rvec=[1. 0. 0.] object_real_pos_w=[ 9.150113   -8.550855   -0.00299998]
[OBS object2] step=2100 pos=[ 0.43723774 -0.2488842   0.24943888] Lvec=[-1.  0.  0.] Rvec=[ 0.13803196 -0.20481491 -0.1613586 ] object2_real_pos_w=[ 9.150942   -8.951203   -0.00299824] right_tcp_pos=[ 9.049206   -8.794069    0.41079748] right_cmd_pos=[ 9.187238   -8.998884    0.24943888] right_cmd_dist=0.2950 right_cmd_root_dist=0.7089 right_tcp_root_dist=0.7267
[OBS object] step=2200 pos=[0.36384964 0.20059967 0.12265867] Lvec=[-0.07014942  0.03818226 -0.10011424] Rvec=[1. 0. 0.] object_real_pos_w=[ 9.150114   -8.550854   -0.00299989]
[OBS object2] step=2200 pos=[ 0.35951614 -0.23817444  0.17338228] Lvec=[-1.  0.  0.] Rvec=[ 0.05226612 -0.18310261 -0.25887266] object2_real_pos_w=[ 9.150942   -8.951203   -0.00299827] right_tcp_pos=[ 9.05725    -8.805072    0.43225494] right_cmd_pos=[ 9.109516   -8.988174    0.17338228] right_cmd_dist=0.3214 right_cmd_root_dist=0.6043 right_tcp_root_dist=0.7503
[OBS object] step=2300 pos=[0.40450668 0.15037918 0.18121105] Lvec=[-0.02949238 -0.01203823 -0.04156142] Rvec=[1. 0. 0.] object_real_pos_w=[ 9.150374   -8.550166   -0.00299734]
[OBS object2] step=2300 pos=[ 0.449337   -0.20926285  0.24754053] Lvec=[-1.  0.  0.] Rvec=[ 0.14250755 -0.15418148 -0.18111327] object2_real_pos_w=[ 9.14989    -8.95184    -0.00299915] right_tcp_pos=[ 9.056829  -8.805081   0.4286538] right_cmd_pos=[ 9.199337   -8.959263    0.24754053] right_cmd_dist=0.2773 right_cmd_root_dist=0.7023 right_tcp_root_dist=0.7468
[OBS object] step=2400 pos=[0.36959934 0.21955109 0.17711428] Lvec=[-0.06439972  0.05713367 -0.0456582 ] Rvec=[1. 0. 0.] object_real_pos_w=[ 9.150374   -8.550166   -0.00299736]
[OBS object2] step=2400 pos=[ 0.36781502 -0.25154972  0.1810832 ] Lvec=[-1.  0.  0.] Rvec=[ 0.05517578 -0.20404053 -0.22571889] object2_real_pos_w=[ 9.14989    -8.95184    -0.00299908] right_tcp_pos=[ 9.062639  -8.797509   0.4068021] right_cmd_pos=[ 9.117815  -9.00155    0.1810832] right_cmd_dist=0.3092 right_cmd_root_dist=0.6200 right_tcp_root_dist=0.7290
[OBS object] step=2500 pos=[0.37760925 0.23830795 0.11120963] Lvec=[-0.05638981  0.07589054 -0.11156285] Rvec=[1. 0. 0.] object_real_pos_w=[ 9.150374  -8.550166  -0.0029974]
[OBS object2] step=2500 pos=[ 0.44373417 -0.23778152  0.1701563 ] Lvec=[-1.  0.  0.] Rvec=[ 0.13012409 -0.16938114 -0.22421882] object2_real_pos_w=[ 9.14989    -8.95184    -0.00299911] right_tcp_pos=[ 9.06361    -8.8184      0.39437512] right_cmd_pos=[ 9.193734  -8.987782   0.1701563] right_cmd_dist=0.3097 right_cmd_root_dist=0.6557 right_tcp_root_dist=0.7199
[OBS object] step=2600 pos=[0.385602   0.24106884 0.18556094] Lvec=[-0.04839706  0.07865143 -0.03721182] Rvec=[1. 0. 0.] object_real_pos_w=[ 9.150468   -8.550881   -0.00299899]
[OBS object2] step=2600 pos=[ 0.36866188 -0.24551487  0.22009024] Lvec=[-1.  0.  0.] Rvec=[ 0.09022427 -0.19356728 -0.20855245] object2_real_pos_w=[ 9.1503315 -8.951882  -0.0029998] right_tcp_pos=[ 9.028438  -8.801948   0.4286427] right_cmd_pos=[ 9.118662   -8.995515    0.22009024] right_cmd_dist=0.2985 right_cmd_root_dist=0.6459 right_tcp_root_dist=0.7354
[OBS object] step=2700 pos=[0.43077183 0.21847343 0.15228969] Lvec=[-0.00322723  0.05605602 -0.07048307] Rvec=[1. 0. 0.] object_real_pos_w=[ 9.150468   -8.550881   -0.00299899]
[OBS object2] step=2700 pos=[ 0.35560513 -0.2506647   0.11978185] Lvec=[-1.  0.  0.] Rvec=[ 0.05310822 -0.17516136 -0.30052063] object2_real_pos_w=[ 9.15033    -8.951881   -0.00299928] right_tcp_pos=[ 9.052497   -8.825503    0.42030248] right_cmd_pos=[ 9.105605   -9.000665    0.11978185] right_cmd_dist=0.3519 right_cmd_root_dist=0.5710 right_tcp_root_dist=0.7393
[OBS object] step=2800 pos=[0.4261408  0.16799927 0.19624549] Lvec=[-0.00785828  0.00558186 -0.0265272 ] Rvec=[1. 0. 0.] object_real_pos_w=[ 9.150575   -8.550697   -0.00300333]
[OBS object2] step=2800 pos=[ 0.3957739  -0.17302799  0.16260058] Lvec=[-1.  0.  0.] Rvec=[ 0.0809288  -0.10034466 -0.25556672] object2_real_pos_w=[ 9.150601   -8.951161   -0.00299916] right_tcp_pos=[ 9.064845  -8.822683   0.4181673] right_cmd_pos=[ 9.145774   -8.923028    0.16260058] right_cmd_dist=0.2862 right_cmd_root_dist=0.5973 right_tcp_root_dist=0.7422
[OBS object] step=2900 pos=[0.36498928 0.22290516 0.1802162 ] Lvec=[-0.06900978  0.06048775 -0.04255649] Rvec=[1. 0. 0.] object_real_pos_w=[ 9.150575   -8.550697   -0.00300334]
[OBS object2] step=2900 pos=[ 0.38865185 -0.1514492   0.11049497] Lvec=[-1.  0.  0.] Rvec=[ 0.08773804 -0.09311867 -0.30173254] object2_real_pos_w=[ 9.1506     -8.95116    -0.00299973] right_tcp_pos=[ 9.050914  -8.808331   0.4122275] right_cmd_pos=[ 9.138652   -8.901449    0.11049497] right_cmd_dist=0.3277 right_cmd_root_dist=0.5513 right_tcp_root_dist=0.7297
[OBS object] step=3000 pos=[0.41795635 0.15723419 0.14864138] Lvec=[-0.01604271 -0.00518322 -0.07413131] Rvec=[1. 0. 0.] object_real_pos_w=[ 9.150575   -8.550698   -0.00300328]
[OBS_STATS] step=3000 right_cmd_dist_avg=0.3102 min=0.2773 max=0.3519
[OBS object2] step=3000 pos=[ 0.42740536 -0.18405914  0.13154757] Lvec=[-1.  0.  0.] Rvec=[ 0.10933208 -0.11776638 -0.28302306] object2_real_pos_w=[ 9.1505995  -8.95116    -0.00299948] right_tcp_pos=[ 9.068073   -8.816293    0.41457063] right_cmd_pos=[ 9.177405   -8.934059    0.13154757] right_cmd_dist=0.3255 right_cmd_root_dist=0.6018 right_tcp_root_dist=0.7397
[OBS object] step=3100 pos=[0.43636417 0.23626518 0.19705656] Lvec=[ 0.00236511  0.07384777 -0.02571632] Rvec=[1. 0. 0.] object_real_pos_w=[ 9.15017    -8.550461   -0.00299924]
[OBS object2] step=3100 pos=[ 0.39471245 -0.2366476   0.22839195] Lvec=[-1.  0.  0.] Rvec=[ 0.05871868 -0.17117023 -0.18849602] object2_real_pos_w=[ 9.150621   -8.950747   -0.00300025] right_tcp_pos=[ 9.085994   -8.815477    0.41688797] right_cmd_pos=[ 9.144712   -8.986648    0.22839195] right_cmd_dist=0.2613 right_cmd_root_dist=0.6638 right_tcp_root_dist=0.7496
[OBS object] step=3200 pos=[0.3846159  0.19960785 0.16234094] Lvec=[-0.04938316  0.03719044 -0.06043194] Rvec=[1. 0. 0.] object_real_pos_w=[ 9.15017    -8.550461   -0.00299922]
[OBS object2] step=3200 pos=[ 0.4267416  -0.1533022   0.16817209] Lvec=[-1.  0.  0.] Rvec=[ 0.12137318 -0.10805607 -0.26392803] object2_real_pos_w=[ 9.150621   -8.950747   -0.00300024] right_tcp_pos=[ 9.055368   -8.795246    0.43210012] right_cmd_pos=[ 9.176742   -8.903302    0.16817209] right_cmd_dist=0.3099 right_cmd_root_dist=0.6168 right_tcp_root_dist=0.7487
[OBS object] step=3300 pos=[0.38490486 0.17921829 0.1737077 ] Lvec=[-0.0490942   0.01680088 -0.04906464] Rvec=[1. 0. 0.] object_real_pos_w=[ 9.1504135  -8.550593   -0.00300047]
[OBS object2] step=3300 pos=[ 0.42386246 -0.203228    0.21154559] Lvec=[-1.  0.  0.] Rvec=[ 0.12143993 -0.15713215 -0.17955557] object2_real_pos_w=[ 9.150422   -8.951006   -0.00300059] right_tcp_pos=[ 9.052423   -8.796096    0.39110115] right_cmd_pos=[ 9.173862   -8.953228    0.21154559] right_cmd_dist=0.2677 right_cmd_root_dist=0.6588 right_tcp_root_dist=0.7103
[OBS object] step=3400 pos=[0.41946793 0.16640186 0.12074149] Lvec=[-0.01453114  0.00398445 -0.10203084] Rvec=[1. 0. 0.] object_real_pos_w=[ 9.1504135  -8.550593   -0.00300046]
[OBS object2] step=3400 pos=[ 0.36127377 -0.2366085   0.12518331] Lvec=[-1.  0.  0.] Rvec=[ 0.05835152 -0.16714287 -0.2603634 ] object2_real_pos_w=[ 9.150422   -8.951006   -0.00300059] right_tcp_pos=[ 9.052922  -8.819466   0.3855467] right_cmd_pos=[ 9.111274   -8.9866085   0.12518331] right_cmd_dist=0.3149 right_cmd_root_dist=0.5721 right_tcp_root_dist=0.7075
[OBS object] step=3500 pos=[0.3826151  0.16181183 0.1138801 ] Lvec=[-0.05138397 -0.00060558 -0.10889223] Rvec=[1. 0. 0.] object_real_pos_w=[ 9.1504135  -8.550593   -0.00300071]
[OBS object2] step=3500 pos=[ 0.44523525 -0.2158413   0.1770396 ] Lvec=[-1.  0.  0.] Rvec=[ 0.16858864 -0.15627193 -0.26458701] object2_real_pos_w=[ 9.150421   -8.951006   -0.00300034] right_tcp_pos=[ 9.026647  -8.809569   0.4416266] right_cmd_pos=[ 9.195235  -8.965841   0.1770396] right_cmd_dist=0.3505 right_cmd_root_dist=0.6536 right_tcp_root_dist=0.7473
