[OBS object] step=0 pos=[ 0.    0.   -0.25] Lvec=[-0.03431416 -0.06991673 -0.13197428] Rvec=[1. 0. 0.] object_real_pos_w=[ 8.85       -8.65        0.04705699]
[OBS_STATS] step=0 right_cmd_dist_avg=0.1889 min=0.1889 max=0.1889
[OBS object2] step=0 pos=[ 0.    0.   -0.25] Lvec=[-1.  0.  0.] Rvec=[ 0.09229279  0.01435089 -0.16422915] object2_real_pos_w=[ 8.85       -8.85        0.04705699] right_tcp_pos=[ 8.657707   -8.764351   -0.08577085] right_cmd_pos=[ 8.75 -8.75 -0.25] right_cmd_dist=0.1889 right_cmd_root_dist=0.0000 right_tcp_root_dist=0.1889
[OBS object] step=100 pos=[0.41009998 0.18595123 0.20728612] Lvec=[-0.02389908  0.02353191 -0.015488  ] Rvec=[1. 0. 0.] object_real_pos_w=[ 9.150379   -8.550883   -0.00299754]
[OBS object2] step=100 pos=[ 0.4302988  -0.19304371  0.1815188 ] Lvec=[-1.  0.  0.] Rvec=[ 0.10018349 -0.02201462  0.13841267] object2_real_pos_w=[ 9.144518   -8.960991    0.01710344] right_tcp_pos=[ 9.080115   -8.921029    0.04310612] right_cmd_pos=[ 9.180299  -8.943044   0.1815188] right_cmd_dist=0.1723 right_cmd_root_dist=0.6392 right_tcp_root_dist=0.4734
[OBS object] step=200 pos=[0.4392557  0.19842148 0.17157167] Lvec=[ 0.00525761  0.03599358 -0.05119771] Rvec=[1. 0. 0.] object_real_pos_w=[ 9.150393   -8.550198   -0.00299817]
[OBS object2] step=200 pos=[ 0.36794853 -0.20745373  0.23263234] Lvec=[-1.  0.  0.] Rvec=[ 0.001441  -0.0400219  0.1656396] object2_real_pos_w=[ 9.157997   -8.963532   -0.00299855] right_tcp_pos=[ 9.116508   -8.917432    0.06699274] right_cmd_pos=[ 9.117949   -8.957454    0.23263234] right_cmd_dist=0.1704 right_cmd_root_dist=0.6414 right_tcp_root_dist=0.5127
[OBS object] step=300 pos=[0.3666439  0.15758991 0.15930814] Lvec=[-0.06733704 -0.00480747 -0.06342691] Rvec=[1. 0. 0.] object_real_pos_w=[ 9.150878   -8.549482    0.01349748]
[OBS object2] step=300 pos=[ 0.373394   -0.15336037  0.21822053] Lvec=[-1.  0.  0.] Rvec=[-0.04183102  0.01109409  0.0614228 ] object2_real_pos_w=[ 9.156016 -8.961775 -0.000199] right_tcp_pos=[ 9.165225   -8.914454    0.15679774] right_cmd_pos=[ 9.123394   -8.90336     0.21822053] right_cmd_dist=0.0751 right_cmd_root_dist=0.6182 right_tcp_root_dist=0.6041
[OBS object] step=400 pos=[0.43088245 0.21922493 0.23219678] Lvec=[-0.0031147   0.05679321  0.00943156] Rvec=[1. 0. 0.] object_real_pos_w=[ 9.150284   -8.550776   -0.00299962]
[OBS object2] step=400 pos=[ 0.4493904  -0.19332886  0.16306555] Lvec=[-1.  0.  0.] Rvec=[ 0.0695343  -0.01878262  0.07379127] object2_real_pos_w=[ 9.157907   -8.964937   -0.00299786] right_tcp_pos=[ 9.129856   -8.924546    0.08927429] right_cmd_pos=[ 9.19939    -8.943329    0.16306555] right_cmd_dist=0.1031 right_cmd_root_dist=0.6403 right_tcp_root_dist=0.5384
[OBS object] step=500 pos=[0.3882227  0.1718216  0.21093774] Lvec=[-0.04577637  0.00940323 -0.01183607] Rvec=[1. 0. 0.] object_real_pos_w=[ 9.1503105  -8.550562   -0.00299887]
[OBS object2] step=500 pos=[ 0.42192936 -0.22549152  0.22866794] Lvec=[-1.  0.  0.] Rvec=[ 0.10307121 -0.06815434  0.19060922] object2_real_pos_w=[ 9.149537   -8.958482    0.02384429] right_tcp_pos=[ 9.068858   -8.907337    0.03805872] right_cmd_pos=[ 9.171929   -8.975492    0.22866794] right_cmd_dist=0.2272 right_cmd_root_dist=0.6768 right_tcp_root_dist=0.4576
[OBS object] step=600 pos=[0.41979694 0.19637394 0.23210809] Lvec=[-0.01420212  0.03395557  0.00933482] Rvec=[1. 0. 0.] object_real_pos_w=[ 9.150444   -8.550157   -0.00299725]
[OBS object2] step=600 pos=[ 0.39510822 -0.2259407   0.15636659] Lvec=[-1.  0.  0.] Rvec=[ 0.08067989 -0.06679344  0.12211957] object2_real_pos_w=[ 9.1471615  -8.960102    0.03050298] right_tcp_pos=[ 9.064428   -8.909147    0.03424702] right_cmd_pos=[ 9.145108   -8.975941    0.15636659] right_cmd_dist=0.1609 right_cmd_root_dist=0.6102 right_tcp_root_dist=0.4528
[OBS object] step=700 pos=[0.44305706 0.2318592  0.22978202] Lvec=[0.009058   0.06943893 0.00700805] Rvec=[1. 0. 0.] object_real_pos_w=[ 9.150507   -8.550389   -0.00299526]
[OBS object2] step=700 pos=[ 0.39433193 -0.23970032  0.20906329] Lvec=[-1.  0.  0.] Rvec=[ 0.06896782 -0.07007122  0.16530693] object2_real_pos_w=[ 9.151658   -8.963676    0.01843295] right_tcp_pos=[ 9.075364   -8.919629    0.04375636] right_cmd_pos=[ 9.144332   -8.9897      0.20906329] right_cmd_dist=0.1923 right_cmd_root_dist=0.6509 right_tcp_root_dist=0.4700
[OBS object] step=800 pos=[0.44128895 0.17801762 0.23675752] Lvec=[0.00728989 0.01559734 0.01398426] Rvec=[1. 0. 0.] object_real_pos_w=[ 9.150395   -8.550551   -0.00299963]
[OBS object2] step=800 pos=[ 0.444561   -0.22274494  0.20376411] Lvec=[-1.  0.  0.] Rvec=[ 0.12074089 -0.0363636   0.1702944 ] object2_real_pos_w=[ 9.147766   -8.967055    0.02529142] right_tcp_pos=[ 9.07382   -8.936381   0.0334697] right_cmd_pos=[ 9.194561   -8.972745    0.20376411] right_cmd_dist=0.2119 right_cmd_root_dist=0.6732 right_tcp_root_dist=0.4690
[OBS object] step=900 pos=[0.41752434 0.18715    0.23657838] Lvec=[-0.01647091  0.0247221   0.01381396] Rvec=[1. 0. 0.] object_real_pos_w=[ 9.150695   -8.550425   -0.00299813]
[OBS object2] step=900 pos=[ 0.44487667 -0.23911572  0.22280392] Lvec=[-1.  0.  0.] Rvec=[ 0.07647324 -0.07261086  0.14275216] object2_real_pos_w=[ 9.155861   -8.96156    -0.00299834] right_tcp_pos=[ 9.118403   -8.916505    0.08005176] right_cmd_pos=[ 9.194877   -8.989116    0.22280392] right_cmd_dist=0.1775 right_cmd_root_dist=0.6918 right_tcp_root_dist=0.5219
[OBS object] step=1000 pos=[0.38680553 0.19551182 0.21639177] Lvec=[-0.04719067  0.03310394 -0.00638373] Rvec=[1. 0. 0.] object_real_pos_w=[ 9.150001 -8.549999  0.05    ]
[OBS_STATS] step=1000 right_cmd_dist_avg=0.1545 min=0.0538 max=0.2272
[OBS object2] step=1000 pos=[ 0.40095425 -0.18842506  0.18917692] Lvec=[-1.  0.  0.] Rvec=[-0.03304195 -0.02601719 -0.03359865] object2_real_pos_w=[ 9.150001 -8.950001  0.05    ] right_tcp_pos=[ 9.183996   -8.912408    0.22277556] right_cmd_pos=[ 9.150954   -8.938425    0.18917692] right_cmd_dist=0.0538 right_cmd_root_dist=0.6238 right_tcp_root_dist=0.6620
[OBS object] step=1100 pos=[0.3683195  0.22443771 0.2194879 ] Lvec=[-0.06567955  0.06201935 -0.00328559] Rvec=[1. 0. 0.] object_real_pos_w=[ 9.150622   -8.550449   -0.00300077]
[OBS object2] step=1100 pos=[ 0.3638153  -0.2262764   0.15792376] Lvec=[-1.  0.  0.] Rvec=[ 0.03619957 -0.0620451   0.11440347] object2_real_pos_w=[ 9.152876   -8.961002    0.02142351] right_tcp_pos=[ 9.077616   -8.914231    0.04352029] right_cmd_pos=[ 9.113815   -8.976276    0.15792376] right_cmd_dist=0.1351 right_cmd_root_dist=0.5916 right_tcp_root_dist=0.4695
[OBS object] step=1200 pos=[0.40694427 0.20893764 0.23447126] Lvec=[-0.02705193  0.04652977  0.01169576] Rvec=[1. 0. 0.] object_real_pos_w=[ 9.150001 -8.549999  0.05    ]
[OBS object2] step=1200 pos=[ 0.3682661  -0.24272251  0.18555173] Lvec=[-1.  0.  0.] Rvec=[-0.06573009 -0.08031464 -0.03722383] object2_real_pos_w=[ 9.150001 -8.950001  0.05    ] right_tcp_pos=[ 9.183996   -8.912408    0.22277556] right_cmd_pos=[ 9.118266   -8.9927225   0.18555173] right_cmd_dist=0.1103 right_cmd_root_dist=0.6199 right_tcp_root_dist=0.6620
[OBS object] step=1300 pos=[0.41662788 0.15341568 0.16766536] Lvec=[-0.01737118 -0.00900555 -0.05510701] Rvec=[1. 0. 0.] object_real_pos_w=[ 9.150206   -8.55034    -0.00299752]
[OBS object2] step=1300 pos=[ 0.39522743 -0.22824287  0.1802789 ] Lvec=[-1.  0.  0.] Rvec=[ 0.05095959 -0.06991005  0.12535676] object2_real_pos_w=[ 9.155799   -8.962545    0.00743082] right_tcp_pos=[ 9.094268   -8.908333    0.05492214] right_cmd_pos=[ 9.145227  -8.978243   0.1802789] right_cmd_dist=0.1523 right_cmd_root_dist=0.6272 right_tcp_root_dist=0.4864
[OBS object] step=1400 pos=[0.37311363 0.20690727 0.2126801 ] Lvec=[-0.06088543  0.04448795 -0.01009423] Rvec=[1. 0. 0.] object_real_pos_w=[ 9.150272   -8.550903   -0.00299586]
[OBS object2] step=1400 pos=[ 0.37692833 -0.24655628  0.2013464 ] Lvec=[-1.  0.  0.] Rvec=[ 0.11378002 -0.11646366  0.16467527] object2_real_pos_w=[ 9.140143   -8.948924    0.03356506] right_tcp_pos=[ 9.013148   -8.880093    0.03667113] right_cmd_pos=[ 9.126928  -8.996556   0.2013464] right_cmd_dist=0.2316 right_cmd_root_dist=0.6376 right_tcp_root_dist=0.4103
[OBS object] step=1500 pos=[0.39274693 0.2437973  0.23106417] Lvec=[-0.04125214  0.08137798  0.00829031] Rvec=[1. 0. 0.] object_real_pos_w=[ 9.150506   -8.5503     -0.00300142]
[OBS object2] step=1500 pos=[ 0.37073612 -0.2176981   0.1888088 ] Lvec=[-1.  0.  0.] Rvec=[ 0.04951477 -0.0543232   0.14506254] object2_real_pos_w=[ 9.145517   -8.960944    0.01989561] right_tcp_pos=[ 9.071221   -8.913375    0.04374626] right_cmd_pos=[ 9.120736  -8.967698   0.1888088] right_cmd_dist=0.1626 right_cmd_root_dist=0.6143 right_tcp_root_dist=0.4649
[OBS object] step=1600 pos=[0.35453987 0.24324512 0.16230643] Lvec=[-0.07946014  0.0808239  -0.06046659] Rvec=[1. 0. 0.] object_real_pos_w=[ 9.150421   -8.550274   -0.00299603]
[OBS object2] step=1600 pos=[ 0.44141197 -0.16838932  0.23824096] Lvec=[-1.  0.  0.] Rvec=[0.10160828 0.00342655 0.18979234] object2_real_pos_w=[ 9.153916   -8.962367    0.01142108] right_tcp_pos=[ 9.089804   -8.921816    0.04844862] right_cmd_pos=[ 9.191412   -8.918389    0.23824096] right_cmd_dist=0.2153 right_cmd_root_dist=0.6794 right_tcp_root_dist=0.4838
[OBS object] step=1700 pos=[0.42467403 0.20036411 0.16171268] Lvec=[-0.00932407  0.03793907 -0.06106044] Rvec=[1. 0. 0.] object_real_pos_w=[ 9.149901   -8.550909   -0.00300125]
[OBS object2] step=1700 pos=[ 0.36274815 -0.16148472  0.23138392] Lvec=[-1.  0.  0.] Rvec=[ 0.01157475 -0.00110435  0.17967057] object2_real_pos_w=[ 9.157389   -8.96215     0.00715795] right_tcp_pos=[ 9.101173   -8.91038     0.05171335] right_cmd_pos=[ 9.112748   -8.911485    0.23138392] right_cmd_dist=0.1800 right_cmd_root_dist=0.6240 right_tcp_root_dist=0.4900
[OBS object] step=1800 pos=[0.39548683 0.15242481 0.24362099] Lvec=[-0.03851223 -0.00999355  0.02084726] Rvec=[1. 0. 0.] object_real_pos_w=[ 9.150304  -8.550846  -0.0029982]
[OBS object2] step=1800 pos=[ 0.3625307  -0.22326279  0.237946  ] Lvec=[-1.  0.  0.] Rvec=[ 0.04069424 -0.08477783  0.19192514] object2_real_pos_w=[ 9.15362    -8.95375     0.02187756] right_tcp_pos=[ 9.071836   -8.888485    0.04602086] right_cmd_pos=[ 9.112531 -8.973263  0.237946] right_cmd_dist=0.2137 right_cmd_root_dist=0.6476 right_tcp_root_dist=0.4587
[OBS object] step=1900 pos=[0.4440651  0.20282555 0.16192758] Lvec=[ 0.01006603  0.04040718 -0.06084642] Rvec=[1. 0. 0.] object_real_pos_w=[ 9.150213   -8.550513   -0.00299858]
[OBS object2] step=1900 pos=[ 0.36002445 -0.244133    0.17049268] Lvec=[-1.  0.  0.] Rvec=[ 0.03562832 -0.08784103  0.12983991] object2_real_pos_w=[ 9.14801    -8.956917    0.02234871] right_tcp_pos=[ 9.074396   -8.906292    0.04065277] right_cmd_pos=[ 9.110024   -8.994133    0.17049268] right_cmd_dist=0.1608 right_cmd_root_dist=0.6050 right_tcp_root_dist=0.4628
[OBS object] step=2000 pos=[0.43704987 0.17088318 0.160407  ] Lvec=[ 0.00305271  0.00845623 -0.06235872] Rvec=[1. 0. 0.] object_real_pos_w=[ 9.150473   -8.5502405  -0.00300417]
[OBS_STATS] step=2000 right_cmd_dist_avg=0.1709 min=0.1103 max=0.2316
[OBS object2] step=2000 pos=[ 0.43942356 -0.22845268  0.20733592] Lvec=[-1.  0.  0.] Rvec=[ 0.06095219 -0.0585537   0.12023076] object2_real_pos_w=[ 9.159129   -8.961341   -0.00300039] right_tcp_pos=[ 9.128471   -8.919899    0.08710515] right_cmd_pos=[ 9.189424   -8.978453    0.20733592] right_cmd_dist=0.1470 right_cmd_root_dist=0.6741 right_tcp_root_dist=0.5346
[OBS object] step=2100 pos=[0.39274883 0.21395588 0.2133832 ] Lvec=[-0.04124928  0.05153179 -0.00938872] Rvec=[1. 0. 0.] object_real_pos_w=[ 9.150258   -8.550896   -0.00299943]
[OBS object2] step=2100 pos=[ 0.40878487 -0.24868011  0.23080498] Lvec=[-1.  0.  0.] Rvec=[ 0.05401802 -0.06292343  0.17471445] object2_real_pos_w=[ 9.157419   -8.963723    0.00784617] right_tcp_pos=[ 9.104767   -8.935757    0.05609053] right_cmd_pos=[ 9.158785   -8.99868     0.23080498] right_cmd_dist=0.1934 right_cmd_root_dist=0.6783 right_tcp_root_dist=0.5040
[OBS object] step=2200 pos=[0.40575886 0.22020817 0.1588105 ] Lvec=[-0.0282402   0.0577898  -0.06396258] Rvec=[1. 0. 0.] object_real_pos_w=[ 9.150162   -8.550786   -0.00299786]
[OBS object2] step=2200 pos=[ 0.43874168 -0.19377708  0.23727435] Lvec=[-1.  0.  0.] Rvec=[ 0.13141346 -0.03609848  0.19999322] object2_real_pos_w=[ 9.146356   -8.958759    0.02666063] right_tcp_pos=[ 9.057328   -8.907679    0.03728113] right_cmd_pos=[ 9.188742   -8.943777    0.23727435] right_cmd_dist=0.2420 right_cmd_root_dist=0.6837 right_tcp_root_dist=0.4493
[OBS object] step=2300 pos=[0.37337875 0.15831375 0.22794586] Lvec=[-0.06060219 -0.00408268  0.0052104 ] Rvec=[1. 0. 0.] object_real_pos_w=[ 9.150719  -8.549663   0.0137013]
[OBS object2] step=2300 pos=[ 0.3733244  -0.22635365  0.17608124] Lvec=[-1.  0.  0.] Rvec=[-0.04152107 -0.06706333  0.02930261] object2_real_pos_w=[ 9.157622   -8.960844   -0.00065519] right_tcp_pos=[ 9.164845   -8.90929     0.14677863] right_cmd_pos=[ 9.123324   -8.976354    0.17608124] right_cmd_dist=0.0841 right_cmd_root_dist=0.6100 right_tcp_root_dist=0.5957
[OBS object] step=2400 pos=[0.44278145 0.24880409 0.16959515] Lvec=[ 0.00878239  0.08638287 -0.053178  ] Rvec=[1. 0. 0.] object_real_pos_w=[ 9.150146   -8.550916   -0.00300527]
[OBS object2] step=2400 pos=[ 0.35112286 -0.24069595  0.16086209] Lvec=[-1.  0.  0.] Rvec=[ 0.01157475 -0.08487701  0.11261466] object2_real_pos_w=[ 9.155914   -8.961798    0.01267833] right_tcp_pos=[ 9.089548   -8.905819    0.04824743] right_cmd_pos=[ 9.101123   -8.990696    0.16086209] right_cmd_dist=0.1415 right_cmd_root_dist=0.5916 right_tcp_root_dist=0.4780
[OBS object] step=2500 pos=[0.3903303  0.21653938 0.23681569] Lvec=[-0.04366589  0.05413151  0.01404019] Rvec=[1. 0. 0.] object_real_pos_w=[ 9.150001 -8.549999  0.05    ]
[OBS object2] step=2500 pos=[ 0.35964298 -0.19528961  0.21798503] Lvec=[-1.  0.  0.] Rvec=[-0.07435322 -0.03288174 -0.00479053] object2_real_pos_w=[ 9.150001 -8.950001  0.05    ] right_tcp_pos=[ 9.183996   -8.912408    0.22277556] right_cmd_pos=[ 9.109643   -8.94529     0.21798503] right_cmd_dist=0.0814 right_cmd_root_dist=0.6217 right_tcp_root_dist=0.6620
[OBS object] step=2600 pos=[0.4026413  0.18721962 0.215985  ] Lvec=[-0.03135777  0.02479935 -0.00678843] Rvec=[1. 0. 0.] object_real_pos_w=[ 9.1506605  -8.550641   -0.00299912]
[OBS object2] step=2600 pos=[ 0.43777657 -0.22769928  0.17575127] Lvec=[-1.  0.  0.] Rvec=[ 0.11708069 -0.05892277  0.13423707] object2_real_pos_w=[ 9.153315   -8.962679    0.02122837] right_tcp_pos=[ 9.070696  -8.9187765  0.0415142] right_cmd_pos=[ 9.187777   -8.977699    0.17575127] right_cmd_dist=0.1876 right_cmd_root_dist=0.6517 right_tcp_root_dist=0.4651
[OBS object] step=2700 pos=[0.3971548  0.20507622 0.1919094 ] Lvec=[-0.03684425  0.04265881 -0.03086351] Rvec=[1. 0. 0.] object_real_pos_w=[ 9.150346   -8.550996   -0.00299762]
[OBS object2] step=2700 pos=[ 0.3582096  -0.19508171  0.23907536] Lvec=[-1.  0.  0.] Rvec=[ 0.10651112 -0.0821352   0.23355041] object2_real_pos_w=[ 9.158874   -8.964334   -0.00299915] right_tcp_pos=[ 9.0016985  -8.8629465   0.00552495] right_cmd_pos=[ 9.10821    -8.945082    0.23907536] right_cmd_dist=0.2695 right_cmd_root_dist=0.6368 right_tcp_root_dist=0.3760
[OBS object] step=2800 pos=[0.3623314  0.17330456 0.14131087] Lvec=[-0.07166767  0.01088715 -0.08146204] Rvec=[1. 0. 0.] object_real_pos_w=[ 9.150346   -8.550996   -0.00299772]
[OBS object2] step=2800 pos=[ 0.36121368 -0.19007874  0.13635236] Lvec=[-1.  0.  0.] Rvec=[ 0.14980698 -0.09921932  0.12974101] object2_real_pos_w=[ 9.158873   -8.964333   -0.00300032] right_tcp_pos=[ 8.961407   -8.840859    0.00661134] right_cmd_pos=[ 9.111214   -8.940079    0.13635236] right_cmd_dist=0.2216 right_cmd_root_dist=0.5620 right_tcp_root_dist=0.3447
[OBS object] step=2900 pos=[0.3694706  0.23835659 0.18658575] Lvec=[-0.06452847  0.07593918 -0.03618716] Rvec=[1. 0. 0.] object_real_pos_w=[ 9.150346   -8.550996   -0.00299763]
[OBS object2] step=2900 pos=[ 0.3892851  -0.17641449  0.14151487] Lvec=[-1.  0.  0.] Rvec=[ 0.19754791 -0.08132076  0.13395578] object2_real_pos_w=[ 9.158873   -8.964333   -0.00300025] right_tcp_pos=[ 8.941737   -8.845094    0.00755909] right_cmd_pos=[ 9.139285   -8.9264145   0.14151487] right_cmd_dist=0.2522 right_cmd_root_dist=0.5796 right_tcp_root_dist=0.3349
[OBS object] step=3000 pos=[0.40062332 0.19651127 0.23659325] Lvec=[-0.03337574  0.03409386  0.01382042] Rvec=[1. 0. 0.] object_real_pos_w=[ 9.150356   -8.550879   -0.00299835]
[OBS_STATS] step=3000 right_cmd_dist_avg=0.1939 min=0.0814 max=0.2695
[OBS object2] step=3000 pos=[ 0.37083912 -0.20074844  0.19983119] Lvec=[-1.  0.  0.] Rvec=[ 0.14495182 -0.10921383  0.1935932 ] object2_real_pos_w=[ 9.158682   -8.963558   -0.00299793] right_tcp_pos=[ 8.975887   -8.841535    0.00623798] right_cmd_pos=[ 9.120839   -8.950748    0.19983119] right_cmd_dist=0.2654 right_cmd_root_dist=0.6166 right_tcp_root_dist=0.3536
[OBS object] step=3100 pos=[0.37551403 0.2066145  0.09711847] Lvec=[-0.05848503  0.04419708 -0.12565435] Rvec=[1. 0. 0.] object_real_pos_w=[ 9.150356   -8.550879   -0.00299833]
[OBS object2] step=3100 pos=[ 0.45234203 -0.23996544  0.18194106] Lvec=[-1.  0.  0.] Rvec=[ 0.24958515 -0.13573265  0.17464526] object2_real_pos_w=[ 9.158683  -8.963557  -0.0029991] right_tcp_pos=[ 8.952757  -8.854233   0.0072958] right_cmd_pos=[ 9.202342   -8.989965    0.18194106] right_cmd_dist=0.3335 right_cmd_root_dist=0.6699 right_tcp_root_dist=0.3438
[OBS object] step=3200 pos=[0.3874035  0.24239731 0.14254084] Lvec=[-0.04659557  0.0799799  -0.08023198] Rvec=[1. 0. 0.] object_real_pos_w=[ 9.150356  -8.550879  -0.0029984]
[OBS object2] step=3200 pos=[ 0.4513445  -0.18354416  0.10573456] Lvec=[-1.  0.  0.] Rvec=[ 0.24403858 -0.05543995  0.09848332] object2_real_pos_w=[ 9.158683  -8.963558  -0.0029982] right_tcp_pos=[ 8.957306   -8.878104    0.00725124] right_cmd_pos=[ 9.2013445  -8.933544    0.10573456] right_cmd_dist=0.2689 right_cmd_root_dist=0.6033 right_tcp_root_dist=0.3544
[OBS object] step=3300 pos=[0.35891724 0.19242573 0.21366179] Lvec=[-0.07508087  0.03000259 -0.00911   ] Rvec=[1. 0. 0.] object_real_pos_w=[ 9.150295   -8.55095    -0.00299887]
[OBS object2] step=3300 pos=[ 0.37981892 -0.24538517  0.19442731] Lvec=[-1.  0.  0.] Rvec=[ 0.04798317 -0.10048485  0.11957105] object2_real_pos_w=[ 9.156122   -8.959953    0.00530794] right_tcp_pos=[ 9.081836   -8.8949      0.07485626] right_cmd_pos=[ 9.129819   -8.995385    0.19442731] right_cmd_dist=0.1634 right_cmd_root_dist=0.6340 right_tcp_root_dist=0.4865
