[SKILLS] loaded skill checkpoints
- openarm_bi_reach: /home/user/rl_ws/SkillBlender_Manipulation/log/rsl_rl/openarm_bi_reach/test7_5080/model_9999.pt
- openarm_bi_grasp_2g: /home/user/rl_ws/SkillBlender_Manipulation/log/rsl_rl/openarm_bi_grasp_2g/test14_server/model_9999.pt
[OBS object] step=100 pos=[ 0.3999939   0.2000103  -0.00300089] Lvec=[ 0.05747032  0.00157547 -0.05928146] Rvec=[ 1.          0.34857178 -0.11507962] object_real_pos_w=[ 19.149994   -18.54999     -0.00300089]
[OBS object2] step=100 pos=[ 0.39586067 -0.18674278 -0.0030007 ] Lvec=[-1.         -0.3851776  -0.05928128] Rvec=[-0.00301933 -0.0381813  -0.11507943] object2_real_pos_w=[ 19.14586   -18.936743   -0.0030007] right_tcp_pos=[ 19.14888    -18.898561     0.11207873] right_cmd_pos=[ 19.15       -18.95         0.18779129] right_cmd_dist=0.0915 right_cmd_root_dist=0.6258 right_tcp_root_dist=0.5588 left_cmd_pos=[ 19.15       -18.55         0.07875958] lr_cmd_dist=0.4146
[PHASE_DBG] hand=openarm_left_ee_tcp phase=1 dist=0.0801 align=0.9897 close=1.0000 lift_z=-0.0030
[PHASE_DBG] hand=openarm_right_ee_tcp phase=1 dist=0.1246 align=0.9914 close=1.0000 lift_z=-0.0030
[PHASE_DBG] hand=openarm_left_ee_tcp phase=1 dist=0.0801 align=0.9897 close=1.0000 lift_z=-0.0030
[PHASE_DBG] hand=openarm_right_ee_tcp phase=1 dist=0.1246 align=0.9914 close=1.0000 lift_z=-0.0030
[PHASE_DBG] hand=openarm_left_ee_tcp phase=1 dist=0.0801 align=0.9897 close=1.0000 lift_z=-0.0030
[PHASE_DBG] hand=openarm_right_ee_tcp phase=1 dist=0.1246 align=0.9914 close=1.0000 lift_z=-0.0030
[PHASE_DBG] hand=openarm_left_ee_tcp phase=1 dist=0.0801 align=0.9897 close=1.0000 lift_z=-0.0030
[PHASE_DBG] hand=openarm_right_ee_tcp phase=1 dist=0.1246 align=0.9914 close=1.0000 lift_z=-0.0030
[PHASE_DBG] hand=openarm_left_ee_tcp phase=1 dist=0.0801 align=0.9897 close=1.0000 lift_z=-0.0030
[PHASE_DBG] hand=openarm_right_ee_tcp phase=1 dist=0.1246 align=0.9914 close=1.0000 lift_z=-0.0030
[PHASE_DBG] hand=openarm_left_ee_tcp phase=1 dist=0.0801 align=0.9897 close=1.0000 lift_z=-0.0030
[PHASE_DBG] hand=openarm_right_ee_tcp phase=1 dist=0.1246 align=0.9914 close=1.0000 lift_z=-0.0030
[PHASE_DBG] hand=openarm_left_ee_tcp phase=1 dist=0.0801 align=0.9897 close=1.0000 lift_z=-0.0030
[PHASE_DBG] hand=openarm_right_ee_tcp phase=1 dist=0.1246 align=0.9914 close=1.0000 lift_z=-0.0030
[PHASE_DBG] hand=openarm_left_ee_tcp phase=1 dist=0.0801 align=0.9897 close=1.0000 lift_z=-0.0030
[PHASE_DBG] hand=openarm_right_ee_tcp phase=1 dist=0.1246 align=0.9914 close=1.0000 lift_z=-0.0030
[PHASE_DBG] hand=openarm_left_ee_tcp phase=1 dist=0.0801 align=0.9897 close=1.0000 lift_z=-0.0030
[PHASE_DBG] hand=openarm_right_ee_tcp phase=1 dist=0.1246 align=0.9914 close=1.0000 lift_z=-0.0030
[PHASE_DBG] hand=openarm_left_ee_tcp phase=1 dist=0.0801 align=0.9897 close=1.0000 lift_z=-0.0030
[PHASE_DBG] hand=openarm_right_ee_tcp phase=1 dist=0.1246 align=0.9914 close=1.0000 lift_z=-0.0030
[PHASE_DBG] hand=openarm_left_ee_tcp phase=1 dist=0.0801 align=0.9897 close=1.0000 lift_z=-0.0030
[PHASE_DBG] hand=openarm_right_ee_tcp phase=1 dist=0.1246 align=0.9914 close=1.0000 lift_z=-0.0030
[PHASE_DBG] hand=openarm_left_ee_tcp phase=1 dist=0.0801 align=0.9897 close=1.0000 lift_z=-0.0030
[PHASE_DBG] hand=openarm_right_ee_tcp phase=1 dist=0.1246 align=0.9914 close=1.0000 lift_z=-0.0030
[PHASE_DBG] hand=openarm_left_ee_tcp phase=1 dist=0.0801 align=0.9897 close=1.0000 lift_z=-0.0030
[PHASE_DBG] hand=openarm_right_ee_tcp phase=1 dist=0.1246 align=0.9914 close=1.0000 lift_z=-0.0030
[PHASE_DBG] hand=openarm_left_ee_tcp phase=1 dist=0.0801 align=0.9897 close=1.0000 lift_z=-0.0030
[PHASE_DBG] hand=openarm_right_ee_tcp phase=1 dist=0.1246 align=0.9914 close=1.0000 lift_z=-0.0030
[OBS object] step=200 pos=[ 0.3999939   0.20000839 -0.00300021] Lvec=[ 0.06060982 -0.0037899  -0.05225671] Rvec=[ 1.          0.34778595 -0.11818059] object_real_pos_w=[ 19.149994   -18.549992    -0.00300021]
[OBS object2] step=200 pos=[ 0.39586067 -0.18674278 -0.00300071] Lvec=[-1.         -0.39054108 -0.05225721] Rvec=[-0.00608063 -0.03896523 -0.11818109] object2_real_pos_w=[ 19.14586    -18.936743    -0.00300071] right_tcp_pos=[ 19.151941   -18.897778     0.11518038] right_cmd_pos=[ 19.14586    -18.936743     0.13139927] right_cmd_dist=0.0426 right_cmd_root_dist=0.5806 right_tcp_root_dist=0.5628 left_cmd_pos=[ 19.149994   -18.549992     0.05613437] lr_cmd_dist=0.3940
[OBS object] step=300 pos=[ 0.3999939   0.20000648 -0.00299983] Lvec=[ 0.0663147  -0.0071888  -0.04703644] Rvec=[ 1.          0.3506832  -0.11304911] object_real_pos_w=[ 19.149994   -18.549994    -0.00299983]
[OBS object2] step=300 pos=[ 0.3986168  -0.19060707 -0.00300135] Lvec=[-1.         -0.39780235 -0.04703796] Rvec=[ 0.00151634 -0.03993034 -0.11305064] object2_real_pos_w=[ 19.148617   -18.940607    -0.00300135] right_tcp_pos=[ 19.1471     -18.900677     0.11004928] right_cmd_pos=[ 19.15       -18.95         0.19617775] right_cmd_dist=0.0993 right_cmd_root_dist=0.6317 right_tcp_root_dist=0.5568 left_cmd_pos=[ 19.15       -18.55         0.18192151] lr_cmd_dist=0.4003
[PHASE_DBG] hand=openarm_left_ee_tcp phase=1 dist=0.0786 align=0.9911 close=1.0000 lift_z=-0.0030
[PHASE_DBG] hand=openarm_right_ee_tcp phase=1 dist=0.1161 align=0.9911 close=1.0000 lift_z=-0.0030
[PHASE_DBG] hand=openarm_left_ee_tcp phase=1 dist=0.0786 align=0.9911 close=1.0000 lift_z=-0.0030
[PHASE_DBG] hand=openarm_right_ee_tcp phase=1 dist=0.1161 align=0.9911 close=1.0000 lift_z=-0.0030
[PHASE_DBG] hand=openarm_left_ee_tcp phase=1 dist=0.0786 align=0.9911 close=1.0000 lift_z=-0.0030
[PHASE_DBG] hand=openarm_right_ee_tcp phase=1 dist=0.1161 align=0.9911 close=1.0000 lift_z=-0.0030
[PHASE_DBG] hand=openarm_left_ee_tcp phase=1 dist=0.0786 align=0.9911 close=1.0000 lift_z=-0.0030
[PHASE_DBG] hand=openarm_right_ee_tcp phase=1 dist=0.1161 align=0.9911 close=1.0000 lift_z=-0.0030
[PHASE_DBG] hand=openarm_left_ee_tcp phase=1 dist=0.0786 align=0.9911 close=1.0000 lift_z=-0.0030
[PHASE_DBG] hand=openarm_right_ee_tcp phase=1 dist=0.1161 align=0.9911 close=1.0000 lift_z=-0.0030
[PHASE_DBG] hand=openarm_left_ee_tcp phase=1 dist=0.0786 align=0.9911 close=1.0000 lift_z=-0.0030
[PHASE_DBG] hand=openarm_right_ee_tcp phase=1 dist=0.1161 align=0.9911 close=1.0000 lift_z=-0.0030
[PHASE_DBG] hand=openarm_left_ee_tcp phase=1 dist=0.0786 align=0.9911 close=1.0000 lift_z=-0.0030
[PHASE_DBG] hand=openarm_right_ee_tcp phase=1 dist=0.1161 align=0.9911 close=1.0000 lift_z=-0.0030
[PHASE_DBG] hand=openarm_left_ee_tcp phase=1 dist=0.0786 align=0.9911 close=1.0000 lift_z=-0.0030
[PHASE_DBG] hand=openarm_right_ee_tcp phase=1 dist=0.1161 align=0.9911 close=1.0000 lift_z=-0.0030
[PHASE_DBG] hand=openarm_left_ee_tcp phase=1 dist=0.0786 align=0.9911 close=1.0000 lift_z=-0.0030
[PHASE_DBG] hand=openarm_right_ee_tcp phase=1 dist=0.1161 align=0.9911 close=1.0000 lift_z=-0.0030
[PHASE_DBG] hand=openarm_left_ee_tcp phase=1 dist=0.0786 align=0.9911 close=1.0000 lift_z=-0.0030
[PHASE_DBG] hand=openarm_right_ee_tcp phase=1 dist=0.1161 align=0.9911 close=1.0000 lift_z=-0.0030
[PHASE_DBG] hand=openarm_left_ee_tcp phase=1 dist=0.0786 align=0.9911 close=1.0000 lift_z=-0.0030
[PHASE_DBG] hand=openarm_right_ee_tcp phase=1 dist=0.1161 align=0.9911 close=1.0000 lift_z=-0.0030
[PHASE_DBG] hand=openarm_left_ee_tcp phase=1 dist=0.0786 align=0.9911 close=1.0000 lift_z=-0.0030
[PHASE_DBG] hand=openarm_right_ee_tcp phase=1 dist=0.1161 align=0.9911 close=1.0000 lift_z=-0.0030
[PHASE_DBG] hand=openarm_left_ee_tcp phase=1 dist=0.0786 align=0.9911 close=1.0000 lift_z=-0.0030
[PHASE_DBG] hand=openarm_right_ee_tcp phase=1 dist=0.1161 align=0.9911 close=1.0000 lift_z=-0.0030
[PHASE_DBG] hand=openarm_left_ee_tcp phase=1 dist=0.0786 align=0.9911 close=1.0000 lift_z=-0.0030
[PHASE_DBG] hand=openarm_right_ee_tcp phase=1 dist=0.1161 align=0.9911 close=1.0000 lift_z=-0.0030
[OBS object] step=400 pos=[ 0.3999939   0.2000103  -0.00300078] Lvec=[ 0.0573864  -0.00069809 -0.05366476] Rvec=[ 1.          0.35751724 -0.11123499] object_real_pos_w=[ 19.149994   -18.54999     -0.00300078]
[OBS object2] step=400 pos=[ 0.3986168  -0.19060707 -0.00300137] Lvec=[-1.         -0.39131546 -0.05366534] Rvec=[ 0.00072098 -0.03310013 -0.11123557] object2_real_pos_w=[ 19.148617   -18.940607    -0.00300137] right_tcp_pos=[ 19.147896   -18.907507     0.10823421] right_cmd_pos=[ 19.148617  -18.940607    0.1873098] right_cmd_dist=0.0857 right_cmd_root_dist=0.6217 right_tcp_root_dist=0.5581 left_cmd_pos=[ 19.149994   -18.549992     0.17123252] lr_cmd_dist=0.3909
[OBS object] step=500 pos=[ 0.3999939   0.2000103  -0.00300086] Lvec=[ 0.05811119 -0.00335121 -0.05411513] Rvec=[ 1.          0.35515022 -0.11443028] object_real_pos_w=[ 19.149994   -18.54999     -0.00300086]
[OBS object2] step=500 pos=[ 0.3986168  -0.19060707 -0.00300131] Lvec=[-1.         -0.39396858 -0.05411557] Rvec=[-0.00187302 -0.03546715 -0.11443073] object2_real_pos_w=[ 19.148617   -18.940607    -0.00300131] right_tcp_pos=[ 19.15049    -18.90514      0.11142942] right_cmd_pos=[ 19.148617   -18.940607     0.00213841] right_cmd_dist=0.1149 right_cmd_root_dist=0.5087 right_tcp_root_dist=0.5613 left_cmd_pos=[ 19.149994   -18.549992     0.12325013] lr_cmd_dist=0.4090
[PHASE_DBG] hand=openarm_left_ee_tcp phase=1 dist=0.0762 align=0.9923 close=1.0000 lift_z=-0.0030
[PHASE_DBG] hand=openarm_right_ee_tcp phase=1 dist=0.1078 align=0.9918 close=1.0000 lift_z=-0.0030
[PHASE_DBG] hand=openarm_left_ee_tcp phase=1 dist=0.0762 align=0.9923 close=1.0000 lift_z=-0.0030
[PHASE_DBG] hand=openarm_right_ee_tcp phase=1 dist=0.1078 align=0.9918 close=1.0000 lift_z=-0.0030
[PHASE_DBG] hand=openarm_left_ee_tcp phase=1 dist=0.0762 align=0.9923 close=1.0000 lift_z=-0.0030
[PHASE_DBG] hand=openarm_right_ee_tcp phase=1 dist=0.1078 align=0.9918 close=1.0000 lift_z=-0.0030
[PHASE_DBG] hand=openarm_left_ee_tcp phase=1 dist=0.0762 align=0.9923 close=1.0000 lift_z=-0.0030
[PHASE_DBG] hand=openarm_right_ee_tcp phase=1 dist=0.1078 align=0.9918 close=1.0000 lift_z=-0.0030
[PHASE_DBG] hand=openarm_left_ee_tcp phase=1 dist=0.0762 align=0.9923 close=1.0000 lift_z=-0.0030
[PHASE_DBG] hand=openarm_right_ee_tcp phase=1 dist=0.1078 align=0.9918 close=1.0000 lift_z=-0.0030
[PHASE_DBG] hand=openarm_left_ee_tcp phase=1 dist=0.0762 align=0.9923 close=1.0000 lift_z=-0.0030
[PHASE_DBG] hand=openarm_right_ee_tcp phase=1 dist=0.1078 align=0.9918 close=1.0000 lift_z=-0.0030
[PHASE_DBG] hand=openarm_left_ee_tcp phase=1 dist=0.0762 align=0.9923 close=1.0000 lift_z=-0.0030
[PHASE_DBG] hand=openarm_right_ee_tcp phase=1 dist=0.1078 align=0.9918 close=1.0000 lift_z=-0.0030
[PHASE_DBG] hand=openarm_left_ee_tcp phase=1 dist=0.0762 align=0.9923 close=1.0000 lift_z=-0.0030
[PHASE_DBG] hand=openarm_right_ee_tcp phase=1 dist=0.1078 align=0.9918 close=1.0000 lift_z=-0.0030
[PHASE_DBG] hand=openarm_left_ee_tcp phase=1 dist=0.0762 align=0.9923 close=1.0000 lift_z=-0.0030
[PHASE_DBG] hand=openarm_right_ee_tcp phase=1 dist=0.1078 align=0.9918 close=1.0000 lift_z=-0.0030
[PHASE_DBG] hand=openarm_left_ee_tcp phase=1 dist=0.0762 align=0.9923 close=1.0000 lift_z=-0.0030
[PHASE_DBG] hand=openarm_right_ee_tcp phase=1 dist=0.1078 align=0.9918 close=1.0000 lift_z=-0.0030
[PHASE_DBG] hand=openarm_left_ee_tcp phase=1 dist=0.0762 align=0.9923 close=1.0000 lift_z=-0.0030
[PHASE_DBG] hand=openarm_right_ee_tcp phase=1 dist=0.1078 align=0.9918 close=1.0000 lift_z=-0.0030
[PHASE_DBG] hand=openarm_left_ee_tcp phase=1 dist=0.0762 align=0.9923 close=1.0000 lift_z=-0.0030
[PHASE_DBG] hand=openarm_right_ee_tcp phase=1 dist=0.1078 align=0.9918 close=1.0000 lift_z=-0.0030
[PHASE_DBG] hand=openarm_left_ee_tcp phase=1 dist=0.0762 align=0.9923 close=1.0000 lift_z=-0.0030
[PHASE_DBG] hand=openarm_right_ee_tcp phase=1 dist=0.1078 align=0.9918 close=1.0000 lift_z=-0.0030
[PHASE_DBG] hand=openarm_left_ee_tcp phase=1 dist=0.0762 align=0.9923 close=1.0000 lift_z=-0.0030
[PHASE_DBG] hand=openarm_right_ee_tcp phase=1 dist=0.1078 align=0.9918 close=1.0000 lift_z=-0.0030
[OBS object] step=600 pos=[ 0.3999939   0.2000103  -0.00300089] Lvec=[ 0.06019783 -0.00352097 -0.04663552] Rvec=[ 1.          0.3598938  -0.10624645] object_real_pos_w=[ 19.149994   -18.54999     -0.00300089]
[OBS object2] step=600 pos=[ 0.39214134 -0.17778778 -0.00300113] Lvec=[-1.         -0.38131905 -0.04663576] Rvec=[-0.00291634 -0.01790428 -0.10624669] object2_real_pos_w=[ 19.142141   -18.927788    -0.00300113] right_tcp_pos=[ 19.145058   -18.909883     0.10324556] right_cmd_pos=[ 19.15      -18.95        0.2326901] right_cmd_dist=0.1356 right_cmd_root_dist=0.6580 right_tcp_root_dist=0.5535 left_cmd_pos=[ 19.15       -18.55         0.12141645] lr_cmd_dist=0.4152
[OBS object] step=700 pos=[ 0.3999939   0.20000839 -0.00300021] Lvec=[ 0.05977249  0.00109291 -0.04614484] Rvec=[ 1.          0.35351944 -0.10671401] object_real_pos_w=[ 19.149994   -18.549992    -0.00300021]
[OBS object2] step=700 pos=[ 0.39214134 -0.17778778 -0.00300112] Lvec=[-1.         -0.37670326 -0.04614574] Rvec=[-0.00712204 -0.02427673 -0.10671492] object2_real_pos_w=[ 19.142141   -18.927788    -0.00300112] right_tcp_pos=[ 19.149263  -18.903511    0.1037138] right_cmd_pos=[ 19.142141   -18.927788     0.17377126] right_cmd_dist=0.0745 right_cmd_root_dist=0.6041 right_tcp_root_dist=0.5551 left_cmd_pos=[ 19.149994   -18.549992     0.08256042] lr_cmd_dist=0.3887
[PHASE_DBG] hand=openarm_left_ee_tcp phase=1 dist=0.0756 align=0.9924 close=1.0000 lift_z=-0.0030
[PHASE_DBG] hand=openarm_right_ee_tcp phase=1 dist=0.1132 align=0.9875 close=1.0000 lift_z=-0.0030
[PHASE_DBG] hand=openarm_left_ee_tcp phase=1 dist=0.0756 align=0.9924 close=1.0000 lift_z=-0.0030
[PHASE_DBG] hand=openarm_right_ee_tcp phase=1 dist=0.1132 align=0.9875 close=1.0000 lift_z=-0.0030
[PHASE_DBG] hand=openarm_left_ee_tcp phase=1 dist=0.0756 align=0.9924 close=1.0000 lift_z=-0.0030
[PHASE_DBG] hand=openarm_right_ee_tcp phase=1 dist=0.1132 align=0.9875 close=1.0000 lift_z=-0.0030
[PHASE_DBG] hand=openarm_left_ee_tcp phase=1 dist=0.0756 align=0.9924 close=1.0000 lift_z=-0.0030
[PHASE_DBG] hand=openarm_right_ee_tcp phase=1 dist=0.1132 align=0.9875 close=1.0000 lift_z=-0.0030
[PHASE_DBG] hand=openarm_left_ee_tcp phase=1 dist=0.0756 align=0.9924 close=1.0000 lift_z=-0.0030
[PHASE_DBG] hand=openarm_right_ee_tcp phase=1 dist=0.1132 align=0.9875 close=1.0000 lift_z=-0.0030
[PHASE_DBG] hand=openarm_left_ee_tcp phase=1 dist=0.0756 align=0.9924 close=1.0000 lift_z=-0.0030
[PHASE_DBG] hand=openarm_right_ee_tcp phase=1 dist=0.1132 align=0.9875 close=1.0000 lift_z=-0.0030
[PHASE_DBG] hand=openarm_left_ee_tcp phase=1 dist=0.0756 align=0.9924 close=1.0000 lift_z=-0.0030
[PHASE_DBG] hand=openarm_right_ee_tcp phase=1 dist=0.1132 align=0.9875 close=1.0000 lift_z=-0.0030
[PHASE_DBG] hand=openarm_left_ee_tcp phase=1 dist=0.0756 align=0.9924 close=1.0000 lift_z=-0.0030
[PHASE_DBG] hand=openarm_right_ee_tcp phase=1 dist=0.1132 align=0.9875 close=1.0000 lift_z=-0.0030
[PHASE_DBG] hand=openarm_left_ee_tcp phase=1 dist=0.0756 align=0.9924 close=1.0000 lift_z=-0.0030
[PHASE_DBG] hand=openarm_right_ee_tcp phase=1 dist=0.1132 align=0.9875 close=1.0000 lift_z=-0.0030
[PHASE_DBG] hand=openarm_left_ee_tcp phase=1 dist=0.0756 align=0.9924 close=1.0000 lift_z=-0.0030
[PHASE_DBG] hand=openarm_right_ee_tcp phase=1 dist=0.1132 align=0.9875 close=1.0000 lift_z=-0.0030
[PHASE_DBG] hand=openarm_left_ee_tcp phase=1 dist=0.0756 align=0.9924 close=1.0000 lift_z=-0.0030
[PHASE_DBG] hand=openarm_right_ee_tcp phase=1 dist=0.1132 align=0.9875 close=1.0000 lift_z=-0.0030
[PHASE_DBG] hand=openarm_left_ee_tcp phase=1 dist=0.0756 align=0.9924 close=1.0000 lift_z=-0.0030
[PHASE_DBG] hand=openarm_right_ee_tcp phase=1 dist=0.1132 align=0.9875 close=1.0000 lift_z=-0.0030
[PHASE_DBG] hand=openarm_left_ee_tcp phase=1 dist=0.0756 align=0.9924 close=1.0000 lift_z=-0.0030
[PHASE_DBG] hand=openarm_right_ee_tcp phase=1 dist=0.1132 align=0.9875 close=1.0000 lift_z=-0.0030
[PHASE_DBG] hand=openarm_left_ee_tcp phase=1 dist=0.0756 align=0.9924 close=1.0000 lift_z=-0.0030
[PHASE_DBG] hand=openarm_right_ee_tcp phase=1 dist=0.1132 align=0.9875 close=1.0000 lift_z=-0.0030
[OBS object] step=800 pos=[ 0.40021133  0.19725609 -0.00300233] Lvec=[ 0.06033897 -0.00319862 -0.04546735] Rvec=[ 1.          0.3608551  -0.10991706] object_real_pos_w=[ 19.150211   -18.552744    -0.00300233]
[OBS object2] step=800 pos=[ 0.39899826 -0.19038391 -0.0030005 ] Lvec=[-1.         -0.39083862 -0.04546552] Rvec=[ 0.00325584 -0.0267849  -0.10991523] object2_real_pos_w=[ 19.148998  -18.940384   -0.0030005] right_tcp_pos=[ 19.145742   -18.913599     0.10691473] right_cmd_pos=[ 19.15       -18.95         0.10360575] right_cmd_dist=0.0368 right_cmd_root_dist=0.5701 right_tcp_root_dist=0.5575 left_cmd_pos=[ 19.15       -18.55         0.22469917] lr_cmd_dist=0.4179
[OBS object] step=900 pos=[ 0.40020943  0.19725418 -0.00300169] Lvec=[ 0.05574417  0.00141525 -0.04760983] Rvec=[ 1.          0.35598755 -0.11154076] object_real_pos_w=[ 19.15021    -18.552746    -0.00300169]
[OBS object2] step=900 pos=[ 0.39899826 -0.19038391 -0.00300057] Lvec=[-1.         -0.38622284 -0.0476087 ] Rvec=[-0.00111389 -0.03165054 -0.11153965] object2_real_pos_w=[ 19.148998   -18.940384    -0.00300057] right_tcp_pos=[ 19.150112   -18.908733     0.10853907] right_cmd_pos=[ 19.148998   -18.940384     0.03299344] right_cmd_dist=0.0819 right_cmd_root_dist=0.5249 right_tcp_root_dist=0.5602 left_cmd_pos=[ 19.150211   -18.552746     0.14432964] lr_cmd_dist=0.4033
[PHASE_DBG] hand=openarm_left_ee_tcp phase=1 dist=0.0750 align=0.9917 close=1.0000 lift_z=-0.0030
[PHASE_DBG] hand=openarm_right_ee_tcp phase=1 dist=0.1047 align=0.9890 close=1.0000 lift_z=-0.0030
[PHASE_DBG] hand=openarm_left_ee_tcp phase=1 dist=0.0750 align=0.9917 close=1.0000 lift_z=-0.0030
[PHASE_DBG] hand=openarm_right_ee_tcp phase=1 dist=0.1047 align=0.9890 close=1.0000 lift_z=-0.0030
[PHASE_DBG] hand=openarm_left_ee_tcp phase=1 dist=0.0750 align=0.9917 close=1.0000 lift_z=-0.0030
[PHASE_DBG] hand=openarm_right_ee_tcp phase=1 dist=0.1047 align=0.9890 close=1.0000 lift_z=-0.0030
[PHASE_DBG] hand=openarm_left_ee_tcp phase=1 dist=0.0750 align=0.9917 close=1.0000 lift_z=-0.0030
[PHASE_DBG] hand=openarm_right_ee_tcp phase=1 dist=0.1047 align=0.9890 close=1.0000 lift_z=-0.0030
[PHASE_DBG] hand=openarm_left_ee_tcp phase=1 dist=0.0750 align=0.9917 close=1.0000 lift_z=-0.0030
[PHASE_DBG] hand=openarm_right_ee_tcp phase=1 dist=0.1047 align=0.9890 close=1.0000 lift_z=-0.0030
[PHASE_DBG] hand=openarm_left_ee_tcp phase=1 dist=0.0750 align=0.9917 close=1.0000 lift_z=-0.0030
[PHASE_DBG] hand=openarm_right_ee_tcp phase=1 dist=0.1047 align=0.9890 close=1.0000 lift_z=-0.0030
[PHASE_DBG] hand=openarm_left_ee_tcp phase=1 dist=0.0750 align=0.9917 close=1.0000 lift_z=-0.0030
[PHASE_DBG] hand=openarm_right_ee_tcp phase=1 dist=0.1047 align=0.9890 close=1.0000 lift_z=-0.0030
[PHASE_DBG] hand=openarm_left_ee_tcp phase=1 dist=0.0750 align=0.9917 close=1.0000 lift_z=-0.0030
[PHASE_DBG] hand=openarm_right_ee_tcp phase=1 dist=0.1047 align=0.9890 close=1.0000 lift_z=-0.0030
[PHASE_DBG] hand=openarm_left_ee_tcp phase=1 dist=0.0750 align=0.9917 close=1.0000 lift_z=-0.0030
[PHASE_DBG] hand=openarm_right_ee_tcp phase=1 dist=0.1047 align=0.9890 close=1.0000 lift_z=-0.0030
[PHASE_DBG] hand=openarm_left_ee_tcp phase=1 dist=0.0750 align=0.9917 close=1.0000 lift_z=-0.0030
[PHASE_DBG] hand=openarm_right_ee_tcp phase=1 dist=0.1047 align=0.9890 close=1.0000 lift_z=-0.0030
[PHASE_DBG] hand=openarm_left_ee_tcp phase=1 dist=0.0750 align=0.9917 close=1.0000 lift_z=-0.0030
[PHASE_DBG] hand=openarm_right_ee_tcp phase=1 dist=0.1047 align=0.9890 close=1.0000 lift_z=-0.0030
[PHASE_DBG] hand=openarm_left_ee_tcp phase=1 dist=0.0750 align=0.9917 close=1.0000 lift_z=-0.0030
[PHASE_DBG] hand=openarm_right_ee_tcp phase=1 dist=0.1047 align=0.9890 close=1.0000 lift_z=-0.0030
[PHASE_DBG] hand=openarm_left_ee_tcp phase=1 dist=0.0750 align=0.9917 close=1.0000 lift_z=-0.0030
[PHASE_DBG] hand=openarm_right_ee_tcp phase=1 dist=0.1047 align=0.9890 close=1.0000 lift_z=-0.0030
[PHASE_DBG] hand=openarm_left_ee_tcp phase=1 dist=0.0750 align=0.9917 close=1.0000 lift_z=-0.0030
[PHASE_DBG] hand=openarm_right_ee_tcp phase=1 dist=0.1047 align=0.9890 close=1.0000 lift_z=-0.0030
[OBS object] step=1000 pos=[ 0.40020943  0.19725418 -0.00300173] Lvec=[ 0.0601902   0.00285721 -0.04468883] Rvec=[ 1.          0.36647415 -0.10258471] object_real_pos_w=[ 19.15021    -18.552746    -0.00300173]
[OBS_STATS] step=1000 right_cmd_dist_avg=0.0850 min=0.0368 max=0.1356
[OBS object2] step=1000 pos=[ 0.3989277  -0.19016266 -0.00299929] Lvec=[-1.         -0.38455963 -0.0446864 ] Rvec=[ 0.00149918 -0.02094269 -0.10258228] object2_real_pos_w=[ 19.148928   -18.940163    -0.00299929] right_tcp_pos=[ 19.147429   -18.91922      0.09958299] right_cmd_pos=[ 19.148928  -18.940163    0.1844309] right_cmd_dist=0.0874 right_cmd_root_dist=0.6197 right_tcp_root_dist=0.5557 left_cmd_pos=[ 19.150211   -18.552744     0.13859701] lr_cmd_dist=0.3901
